2015-04-18 02:53:59.478+0000 INFO  [org.neo4j]: You are using an unsupported version of the Java runtime. Please use Oracle(R) Java(TM) Runtime Environment 7 or OpenJDK(TM) 7.
2015-04-18 02:53:59.521+0000 INFO  [org.neo4j]: No locking implementation specified, defaulting to 'community'
2015-04-18 02:53:59.664+0000 INFO  [org.neo4j]: --- INITIALIZED diagnostics START ---
2015-04-18 02:53:59.667+0000 INFO  [org.neo4j]: Neo4j Kernel properties:
    store_dir=database
    ephemeral=false
2015-04-18 02:53:59.674+0000 INFO  [org.neo4j]: Diagnostics providers:
    org.neo4j.kernel.configuration.Config
    org.neo4j.kernel.info.DiagnosticsManager
    SYSTEM_MEMORY
    JAVA_MEMORY
    OPERATING_SYSTEM
    JAVA_VIRTUAL_MACHINE
    CLASSPATH
    LIBRARY_PATH
    SYSTEM_PROPERTIES
    NETWORK
2015-04-18 02:53:59.675+0000 INFO  [org.neo4j]: System memory information:
    Total Physical memory: 4.00 GB
    Free Physical memory: 13.85 MB
    Committed virtual memory: 4.72 GB
    Total swap space: 1.00 GB
    Free swap space: 877.50 MB
2015-04-18 02:53:59.680+0000 INFO  [org.neo4j]: JVM memory information:
    Free  memory: 51.81 MB
    Total memory: 81.00 MB
    Max   memory: 910.50 MB
    Garbage Collector: PS Scavenge: [PS Eden Space, PS Survivor Space]
    Garbage Collector: PS MarkSweep: [PS Eden Space, PS Survivor Space, PS Old Gen]
    Memory Pool: Code Cache (Non-heap memory): committed=5.50 MB, used=5.45 MB, max=240.00 MB, threshold=0.00 B
    Memory Pool: Metaspace (Non-heap memory): committed=19.63 MB, used=19.11 MB, max=-1.00 B, threshold=0.00 B
    Memory Pool: Compressed Class Space (Non-heap memory): committed=2.63 MB, used=2.55 MB, max=1.00 GB, threshold=0.00 B
    Memory Pool: PS Eden Space (Heap memory): committed=31.50 MB, used=16.49 MB, max=326.00 MB, threshold=?
    Memory Pool: PS Survivor Space (Heap memory): committed=6.50 MB, used=6.49 MB, max=6.50 MB, threshold=?
    Memory Pool: PS Old Gen (Heap memory): committed=43.00 MB, used=6.53 MB, max=683.00 MB, threshold=0.00 B
2015-04-18 02:53:59.685+0000 INFO  [org.neo4j]: Operating system information:
    Operating System: Mac OS X; version: 10.9.5; arch: x86_64; cpus: 4
    Max number of file descriptors: 10240
    Number of open file descriptors: 107
    Process id: 70374@zhaokerans-MacBook-Air.local
    Byte order: LITTLE_ENDIAN
    Local timezone: America/New_York
2015-04-18 02:53:59.687+0000 INFO  [org.neo4j]: JVM information:
    VM Name: Java HotSpot(TM) 64-Bit Server VM
    VM Vendor: Oracle Corporation
    VM Version: 25.20-b23
    JIT compiler: HotSpot 64-Bit Tiered Compilers
    VM Arguments: [-Dfile.encoding=UTF-8]
2015-04-18 02:53:59.688+0000 INFO  [org.neo4j]: Java classpath:
     [loader.1] file:/System/Library/Java/Extensions/QTJava.zip
     [classpath + loader.0] file:/Users/KeranZhao/.m2/repository/org/glassfish/hk2/external/asm-all-repackaged/2.2.0-b21/asm-all-repackaged-2.2.0-b21.jar
     [classpath + loader.0] file:/Users/KeranZhao/.m2/repository/org/neo4j/neo4j-csv/2.2.0-M02/neo4j-csv-2.2.0-M02.jar
     [classpath + loader.0] file:/Users/KeranZhao/.m2/repository/org/glassfish/jersey/core/jersey-client/2.5.1/jersey-client-2.5.1.jar
     [classpath + loader.0] file:/Users/KeranZhao/.m2/repository/javax/ws/rs/javax.ws.rs-api/2.0/javax.ws.rs-api-2.0.jar
     [bootstrap] /Library/Java/JavaVirtualMachines/jdk1.8.0_20.jdk/Contents/Home/jre/lib/rt.jar
     [classpath + loader.0] file:/Users/KeranZhao/.m2/repository/org/glassfish/hk2/osgi-resource-locator/1.0.1/osgi-resource-locator-1.0.1.jar
     [classpath + loader.0] file:/Users/KeranZhao/.m2/repository/com/sun/jersey/jersey-json/1.8/jersey-json-1.8.jar
     [bootstrap] /Library/Java/JavaVirtualMachines/jdk1.8.0_20.jdk/Contents/Home/jre/lib/jce.jar
     [classpath + loader.0] file:/Users/KeranZhao/.m2/repository/org/eclipse/persistence/org.eclipse.persistence.antlr/2.5.0/org.eclipse.persistence.antlr-2.5.0.jar
     [loader.1] file:/Library/Java/JavaVirtualMachines/jdk1.8.0_20.jdk/Contents/Home/jre/lib/ext/localedata.jar
     [classpath + loader.0] file:/Users/KeranZhao/.m2/repository/org/parboiled/parboiled-core/1.1.6/parboiled-core-1.1.6.jar
     [classpath + loader.0] file:/Users/KeranZhao/.m2/repository/org/glassfish/hk2/hk2-utils/2.2.0-b21/hk2-utils-2.2.0-b21.jar
     [loader.1] file:/Library/Java/JavaVirtualMachines/jdk1.8.0_20.jdk/Contents/Home/jre/lib/ext/cldrdata.jar
     [classpath + loader.0] file:/Users/KeranZhao/.m2/repository/org/jvnet/mimepull/mimepull/1.9.3/mimepull-1.9.3.jar
     [loader.1] file:/Library/Java/JavaVirtualMachines/jdk1.8.0_20.jdk/Contents/Home/jre/lib/ext/sunpkcs11.jar
     [classpath + loader.0] file:/Users/KeranZhao/.m2/repository/org/glassfish/jersey/media/jersey-media-multipart/2.5.1/jersey-media-multipart-2.5.1.jar
     [classpath + loader.0] file:/Users/KeranZhao/.m2/repository/org/parboiled/parboiled-scala_2.10/1.1.6/parboiled-scala_2.10-1.1.6.jar
     [classpath + loader.0] file:/Users/KeranZhao/.m2/repository/org/codehaus/jackson/jackson-xc/1.7.1/jackson-xc-1.7.1.jar
     [classpath + loader.0] file:/Users/KeranZhao/.m2/repository/stax/stax-api/1.0.1/stax-api-1.0.1.jar
     [classpath + loader.0] file:/Users/KeranZhao/.m2/repository/org/neo4j/neo4j-kernel/2.2.0-M02/neo4j-kernel-2.2.0-M02.jar
     [classpath + loader.0] file:/Users/KeranZhao/.m2/repository/org/eclipse/jetty/jetty-http/9.2.3.v20140905/jetty-http-9.2.3.v20140905.jar
     [classpath + loader.0] file:/Users/KeranZhao/.m2/repository/com/sun/xml/bind/jaxb-impl/2.2.3-1/jaxb-impl-2.2.3-1.jar
     [classpath + loader.0] file:/Users/KeranZhao/.m2/repository/org/eclipse/jetty/jetty-servlet/9.2.3.v20140905/jetty-servlet-9.2.3.v20140905.jar
     [classpath + loader.0] file:/Users/KeranZhao/.m2/repository/org/glassfish/jersey/core/jersey-common/2.5.1/jersey-common-2.5.1.jar
     [classpath + loader.0] file:/Users/KeranZhao/.m2/repository/org/neo4j/neo4j-cypher-compiler-2.1/2.1.6/neo4j-cypher-compiler-2.1-2.1.6.jar
     [classpath + loader.0] file:/Users/KeranZhao/GitHub/MultiDBs-Utils/target/classes/
     [classpath + loader.0] file:/Users/KeranZhao/.m2/repository/org/apache/logging/log4j/log4j-core/2.0-rc1/log4j-core-2.0-rc1.jar
     [classpath + loader.0] file:/Users/KeranZhao/.m2/repository/org/neo4j/neo4j-cypher/2.2.0-M02/neo4j-cypher-2.2.0-M02.jar
     [loader.1] file:/System/Library/Java/Extensions/j3daudio.jar
     [classpath + loader.0] file:/Users/KeranZhao/.m2/repository/org/apache/logging/log4j/log4j-api/2.0-rc1/log4j-api-2.0-rc1.jar
     [classpath + loader.0] file:/Users/KeranZhao/.m2/repository/org/eclipse/jetty/jetty-io/9.2.3.v20140905/jetty-io-9.2.3.v20140905.jar
     [classpath + loader.0] file:/Users/KeranZhao/.m2/repository/org/neo4j/neo4j-lucene-index/2.2.0-M02/neo4j-lucene-index-2.2.0-M02.jar
     [loader.1] file:/System/Library/Java/Extensions/j3dutils.jar
     [loader.1] file:/System/Library/Java/Extensions/jai_codec.jar
     [loader.1] file:/Library/Java/JavaVirtualMachines/jdk1.8.0_20.jdk/Contents/Home/jre/lib/ext/sunjce_provider.jar
     [classpath + loader.0] file:/Users/KeranZhao/.m2/repository/org/glassfish/jersey/media/jersey-media-moxy/2.5.1/jersey-media-moxy-2.5.1.jar
     [classpath + loader.0] file:/Users/KeranZhao/.m2/repository/com/google/guava/guava/14.0.1/guava-14.0.1.jar
     [classpath + loader.0] file:/Users/KeranZhao/.m2/repository/net/sf/opencsv/opencsv/2.3/opencsv-2.3.jar
     [classpath + loader.0] file:/Users/KeranZhao/.m2/repository/org/eclipse/jetty/jetty-util/9.2.4.v20141103/jetty-util-9.2.4.v20141103.jar
     [loader.1] file:/System/Library/Java/Extensions/libmlib_jai.jnilib
     [bootstrap] /Library/Java/JavaVirtualMachines/jdk1.8.0_20.jdk/Contents/Home/jre/classes
     [classpath + loader.0] file:/Users/KeranZhao/.m2/repository/org/glassfish/jersey/ext/jersey-entity-filtering/2.5.1/jersey-entity-filtering-2.5.1.jar
     [classpath + loader.0] file:/Users/KeranZhao/.m2/repository/org/eclipse/persistence/org.eclipse.persistence.asm/2.5.0/org.eclipse.persistence.asm-2.5.0.jar
     [classpath + loader.0] file:/Users/KeranZhao/GitHub/MultiDBs-KeywordSearchG-Server2/MultiDBsKeywordSearchGServerAPI/target/classes/
     [loader.1] file:/Library/Java/JavaVirtualMachines/jdk1.8.0_20.jdk/Contents/Home/jre/lib/ext/sunec.jar
     [bootstrap] /Library/Java/JavaVirtualMachines/jdk1.8.0_20.jdk/Contents/Home/jre/lib/resources.jar
     [loader.1] file:/System/Library/Java/Extensions/libJ3DAudio.jnilib
     [classpath + loader.0] file:/Users/KeranZhao/.m2/repository/mysql/mysql-connector-java/5.0.8/mysql-connector-java-5.0.8.jar
     [classpath + loader.0] file:/Users/KeranZhao/GitHub/MultiDBs-KeywordSearchG-Server2/MultiDBsKeywordSearchGServer/target/classes/
     [classpath + loader.0] file:/Users/KeranZhao/.m2/repository/org/neo4j/neo4j-graph-algo/2.2.0-M02/neo4j-graph-algo-2.2.0-M02.jar
     [loader.1] file:/System/Library/Java/Extensions/jai_core.jar
     [loader.1] file:/System/Library/Java/Extensions/libQTJNative.jnilib
     [classpath + loader.0] file:/Users/KeranZhao/.m2/repository/org/codehaus/jackson/jackson-core-asl/1.7.1/jackson-core-asl-1.7.1.jar
     [classpath + loader.0] file:/Users/KeranZhao/.m2/repository/org/codehaus/jettison/jettison/1.1/jettison-1.1.jar
     [bootstrap] /Library/Java/JavaVirtualMachines/jdk1.8.0_20.jdk/Contents/Home/jre/lib/jfr.jar
     [classpath + loader.0] file:/Users/KeranZhao/.m2/repository/com/googlecode/concurrentlinkedhashmap/concurrentlinkedhashmap-lru/1.4/concurrentlinkedhashmap-lru-1.4.jar
     [classpath + loader.0] file:/Users/KeranZhao/.m2/repository/com/sun/jersey/jersey-client/1.18.1/jersey-client-1.18.1.jar
     [classpath + loader.0] file:/Users/KeranZhao/.m2/repository/org/neo4j/neo4j-primitive-collections/2.2.0-M02/neo4j-primitive-collections-2.2.0-M02.jar
     [classpath + loader.0] file:/Users/KeranZhao/.m2/repository/org/glassfish/jersey/containers/jersey-container-servlet-core/2.5.1/jersey-container-servlet-core-2.5.1.jar
     [bootstrap] /Library/Java/JavaVirtualMachines/jdk1.8.0_20.jdk/Contents/Home/jre/lib/jsse.jar
     [loader.1] file:/System/Library/Java/Extensions/vecmath.jar
     [classpath + loader.0] file:/Users/KeranZhao/.m2/repository/org/eclipse/jetty/jetty-server/9.2.3.v20140905/jetty-server-9.2.3.v20140905.jar
     [classpath + loader.0] file:/Users/KeranZhao/.m2/repository/javax/xml/stream/stax-api/1.0-2/stax-api-1.0-2.jar
     [classpath + loader.0] file:/Users/KeranZhao/.m2/repository/org/glassfish/jersey/core/jersey-server/2.5.1/jersey-server-2.5.1.jar
     [classpath + loader.0] file:/Users/KeranZhao/.m2/repository/org/eclipse/jetty/jetty-security/9.2.3.v20140905/jetty-security-9.2.3.v20140905.jar
     [classpath + loader.0] file:/Users/KeranZhao/.m2/repository/org/glassfish/hk2/external/cglib/2.2.0-b21/cglib-2.2.0-b21.jar
     [loader.1] file:/System/Library/Java/Extensions/libJ3D.jnilib
     [classpath + loader.0] file:/Users/KeranZhao/.m2/repository/org/glassfish/jersey/containers/jersey-container-servlet/2.5.1/jersey-container-servlet-2.5.1.jar
     [classpath + loader.0] file:/Users/KeranZhao/.m2/repository/org/eclipse/persistence/org.eclipse.persistence.core/2.5.0/org.eclipse.persistence.core-2.5.0.jar
     [classpath + loader.0] file:/Users/KeranZhao/.m2/repository/org/glassfish/hk2/external/javax.inject/2.2.0-b21/javax.inject-2.2.0-b21.jar
     [loader.1] file:/Library/Java/JavaVirtualMachines/jdk1.8.0_20.jdk/Contents/Home/jre/lib/ext/dnsns.jar
     [classpath + loader.0] file:/Users/KeranZhao/.m2/repository/javax/activation/activation/1.1/activation-1.1.jar
     [classpath + loader.0] file:/Users/KeranZhao/.m2/repository/org/eclipse/jetty/jetty-webapp/9.2.4.v20141103/jetty-webapp-9.2.4.v20141103.jar
     [classpath + loader.0] file:/Users/KeranZhao/.m2/repository/org/neo4j/neo4j-graph-matching/2.2.0-M02/neo4j-graph-matching-2.2.0-M02.jar
     [classpath + loader.0] file:/Users/KeranZhao/.m2/repository/org/neo4j/neo4j-cypher-compiler-1.9/2.0.4/neo4j-cypher-compiler-1.9-2.0.4.jar
     [loader.1] file:/System/Library/Java/Extensions/libAppleScriptEngine.jnilib
     [classpath + loader.0] file:/Users/KeranZhao/.m2/repository/org/neo4j/neo4j-cypher-compiler-2.2/2.2.0-M02/neo4j-cypher-compiler-2.2-2.2.0-M02.jar
     [loader.1] file:/System/Library/Java/Extensions/dns_sd.jar
     [loader.1] file:/System/Library/Java/Extensions/MRJToolkit.jar
     [bootstrap] /Library/Java/JavaVirtualMachines/jdk1.8.0_20.jdk/Contents/Home/jre/lib/charsets.jar
     [classpath + loader.0] file:/Users/KeranZhao/.m2/repository/com/sun/jersey/jersey-core/1.18.1/jersey-core-1.18.1.jar
     [loader.1] file:/Library/Java/JavaVirtualMachines/jdk1.8.0_20.jdk/Contents/Home/jre/lib/ext/jfxrt.jar
     [loader.1] file:/Library/Java/JavaVirtualMachines/jdk1.8.0_20.jdk/Contents/Home/jre/lib/ext/zipfs.jar
     [classpath + loader.0] file:/Users/KeranZhao/.m2/repository/javax/xml/bind/jaxb-api/2.2.2/jaxb-api-2.2.2.jar
     [loader.1] file:/System/Library/Java/Extensions/mlibwrapper_jai.jar
     [loader.1] file:/System/Library/Java/Extensions/libJ3DUtils.jnilib
     [loader.1] file:/System/Library/Java/Extensions/AppleScriptEngine.jar
     [classpath + loader.0] file:/Users/KeranZhao/.m2/repository/org/scala-lang/scala-reflect/2.10.4/scala-reflect-2.10.4.jar
     [classpath + loader.0] file:/Users/KeranZhao/.m2/repository/org/glassfish/hk2/hk2-locator/2.2.0-b21/hk2-locator-2.2.0-b21.jar
     [classpath + loader.0] file:/Users/KeranZhao/.m2/repository/javax/validation/validation-api/1.1.0.Final/validation-api-1.1.0.Final.jar
     [classpath + loader.0] file:/Users/KeranZhao/.m2/repository/org/json/json/20090211/json-20090211.jar
     [classpath + loader.0] file:/Users/KeranZhao/.m2/repository/org/codehaus/jackson/jackson-mapper-asl/1.7.1/jackson-mapper-asl-1.7.1.jar
     [bootstrap] /Library/Java/JavaVirtualMachines/jdk1.8.0_20.jdk/Contents/Home/jre/lib/sunrsasign.jar
     [classpath + loader.0] file:/Users/KeranZhao/.m2/repository/org/neo4j/neo4j-io/2.2.0-M02/neo4j-io-2.2.0-M02.jar
     [loader.1] file:/usr/lib/java/libjdns_sd.jnilib
     [classpath + loader.0] file:/Users/KeranZhao/.m2/repository/javax/annotation/javax.annotation-api/1.2/javax.annotation-api-1.2.jar
     [loader.1] file:/Library/Java/JavaVirtualMachines/jdk1.8.0_20.jdk/Contents/Home/jre/lib/ext/nashorn.jar
     [classpath + loader.0] file:/Users/KeranZhao/.m2/repository/org/eclipse/jetty/jetty-xml/9.2.4.v20141103/jetty-xml-9.2.4.v20141103.jar
     [classpath + loader.0] file:/Users/KeranZhao/.m2/repository/org/eclipse/persistence/org.eclipse.persistence.moxy/2.5.0/org.eclipse.persistence.moxy-2.5.0.jar
     [classpath + loader.0] file:/Users/KeranZhao/.m2/repository/org/glassfish/hk2/hk2-api/2.2.0-b21/hk2-api-2.2.0-b21.jar
     [classpath + loader.0] file:/Users/KeranZhao/.m2/repository/org/neo4j/neo4j-cypher-compiler-2.0/2.0.4/neo4j-cypher-compiler-2.0-2.0.4.jar
     [classpath + loader.0] file:/Users/KeranZhao/.m2/repository/org/codehaus/jackson/jackson-jaxrs/1.7.1/jackson-jaxrs-1.7.1.jar
     [classpath + loader.0] file:/Users/KeranZhao/.m2/repository/org/scala-lang/scala-library/2.10.4/scala-library-2.10.4.jar
     [loader.1] file:/System/Library/Java/Extensions/j3dcore.jar
     [classpath + loader.0] file:/Users/KeranZhao/.m2/repository/javax/servlet/javax.servlet-api/3.1.0/javax.servlet-api-3.1.0.jar
     [classpath + loader.0] file:/Users/KeranZhao/.m2/repository/org/apache/lucene/lucene-core/3.6.2/lucene-core-3.6.2.jar
2015-04-18 02:53:59.694+0000 INFO  [org.neo4j]: Library path:
    /Users/KeranZhao/Library/Java/Extensions
    /Library/Java/Extensions
    /Network/Library/Java/Extensions
    /System/Library/Java/Extensions
    /usr/lib/java
    /Users/KeranZhao/GitHub/MultiDBs-KeywordSearchG-Server2/MultiDBsKeywordSearchGServerAPI
2015-04-18 02:53:59.694+0000 INFO  [org.neo4j]: System.properties:
    sun.boot.library.path = /Library/Java/JavaVirtualMachines/jdk1.8.0_20.jdk/Contents/Home/jre/lib
    gopherProxySet = false
    path.separator = :
    file.encoding.pkg = sun.io
    user.country = US
    sun.java.launcher = SUN_STANDARD
    sun.os.patch.level = unknown
    user.dir = /Users/KeranZhao/GitHub/MultiDBs-KeywordSearchG-Server2/MultiDBsKeywordSearchGServerAPI
    sun.jnu.encoding = UTF-8
    sun.management.compiler = HotSpot 64-Bit Tiered Compilers
    http.nonProxyHosts = local|*.local|169.254/16|*.169.254/16
    user.home = /Users/KeranZhao
    user.timezone = America/New_York
    file.encoding = UTF-8
    user.name = KeranZhao
    sun.java.command = edu.pitt.sis.infsci2711.multidbskeywordsearchgserverapi.server.ServerStart /Users/KeranZhao/GitHub/MultiDBs-KeywordSearchG-Server2/MultiDBsKeywordSearchGServerAPI/src/main/resources/config.properties
    sun.arch.data.model = 64
    user.language = en
    awt.toolkit = sun.lwawt.macosx.LWCToolkit
    file.separator = /
    sun.io.unicode.encoding = UnicodeBig
    sun.cpu.endian = little
    socksNonProxyHosts = local|*.local|169.254/16|*.169.254/16
    ftp.nonProxyHosts = local|*.local|169.254/16|*.169.254/16
    sun.cpu.isalist = 
2015-04-18 02:53:59.695+0000 INFO  [org.neo4j]: Network information:
    Interface en0:
        address: fe80:0:0:0:4ad7:5ff:fee8:40cf%en0
        address: 150.212.85.168
    Interface lo0:
        address: fe80:0:0:0:0:0:0:1%lo0
        address: 0:0:0:0:0:0:0:1
        address: 127.0.0.1
2015-04-18 02:53:59.701+0000 INFO  [org.neo4j]: --- INITIALIZED diagnostics END ---
2015-04-18 02:53:59.807+0000 INFO  [org.neo4j]: Creating new db @ database/neostore
2015-04-18 02:54:00.380+0000 INFO  [org.neo4j]: No lucene scan store index found, this might just be first use. Preparing to rebuild.
2015-04-18 02:54:00.446+0000 INFO  [org.neo4j]: No lucene scan store index found, this might just be first use. Preparing to rebuild.
2015-04-18 02:54:00.600+0000 INFO  [org.neo4j]: Opened logical log [database/neostore.transaction.db.0] version=0, lastTxId=1 (clean)
2015-04-18 02:54:00.604+0000 INFO  [org.neo4j]: Rebuilding lucene scan store, this may take a while
2015-04-18 02:54:00.608+0000 INFO  [org.neo4j]: Lucene scan store rebuilt (roughly -1 nodes)
2015-04-18 02:54:01.741+0000 INFO  [org.neo4j]: --- STARTED diagnostics for KernelDiagnostics:Versions START ---
2015-04-18 02:54:01.741+0000 INFO  [org.neo4j]: Graph Database: org.neo4j.kernel.EmbeddedGraphDatabase StoreId{creationTime=1429325639807, randomId=-1580994842080519563, storeVersion=14687556271633926, upgradeTime=1429325639807, upgradeId=1}
2015-04-18 02:54:01.755+0000 INFO  [org.neo4j]: Kernel version: Neo4j - Graph Database Kernel (neo4j-kernel), version: 2.2.0-M02
2015-04-18 02:54:01.756+0000 INFO  [org.neo4j]: Neo4j component versions:
2015-04-18 02:54:01.759+0000 INFO  [org.neo4j]:   Neo4j - Cypher Compiler 1.9 (neo4j-cypher-compiler-1.9), version: 2.0.4; revision: 2.0.4:2.0-maint:130/4a7d10bc274a5d26a180bbe9df25100e8a694748
2015-04-18 02:54:01.759+0000 INFO  [org.neo4j]:   Neo4j - Cypher Compiler 2.2 (neo4j-cypher-compiler-2.2), version: 2.2.0-M02; revision: 2.2.0-M02:master:549/b70e1e11e4af9d5c5ffe171bbb3013625ee3bc4b
2015-04-18 02:54:01.759+0000 INFO  [org.neo4j]:   Neo4j - Lucene Index (neo4j-lucene-index), version: 2.2.0-M02; revision: 2.2.0-M02:master:549/b70e1e11e4af9d5c5ffe171bbb3013625ee3bc4b
2015-04-18 02:54:01.759+0000 INFO  [org.neo4j]:   Neo4j - Cypher Compiler 2.0 (neo4j-cypher-compiler-2.0), version: 2.0.4; revision: 2.0.4:2.0-maint:130/4a7d10bc274a5d26a180bbe9df25100e8a694748
2015-04-18 02:54:01.760+0000 INFO  [org.neo4j]:   Neo4j - Graph Database Kernel (neo4j-kernel), version: 2.2.0-M02; revision: 2.2.0-M02:master:549/b70e1e11e4af9d5c5ffe171bbb3013625ee3bc4b
2015-04-18 02:54:01.760+0000 INFO  [org.neo4j]:   Neo4j - Graph Matching (neo4j-graph-matching), version: 2.2.0-M02; revision: 2.2.0-M02:master:549/b70e1e11e4af9d5c5ffe171bbb3013625ee3bc4b
2015-04-18 02:54:01.760+0000 INFO  [org.neo4j]:   Neo4j - Cypher Compiler 2.1 (neo4j-cypher-compiler-2.1), version: 2.1.6; revision: 2.1.6:2.1-maint:605/0d7f25fc608f15c54ec1a01f4ba4564ebfb1071a
2015-04-18 02:54:01.760+0000 INFO  [org.neo4j]:   Neo4j - Cypher (neo4j-cypher), version: 2.2.0-M02; revision: 2.2.0-M02:master:549/b70e1e11e4af9d5c5ffe171bbb3013625ee3bc4b
2015-04-18 02:54:01.760+0000 INFO  [org.neo4j]:   Neo4j - Graph Algorithms (neo4j-graph-algo), version: 2.2.0-M02; revision: 2.2.0-M02:master:549/b70e1e11e4af9d5c5ffe171bbb3013625ee3bc4b
2015-04-18 02:54:01.760+0000 INFO  [org.neo4j]: --- STARTED diagnostics for KernelDiagnostics:Versions END ---
2015-04-18 02:54:01.762+0000 INFO  [org.neo4j]: --- STARTED diagnostics for NEO_STORE_VERSIONS START ---
2015-04-18 02:54:01.763+0000 INFO  [org.neo4j]: Store versions:
    Store versions:
      NeoStore v0.A.4
      SchemaStore v0.A.4
      NodeStore v0.A.4
      RelationshipStore v0.A.4
      RelationshipTypeStore v0.A.4
      LabelTokenStore v0.A.4
      PropertyStore v0.A.4
      PropertyIndexStore v0.A.4
      StringPropertyStore v0.A.4
      ArrayPropertyStore v0.A.4
      RelationshipGroupStore v0.A.4
2015-04-18 02:54:01.763+0000 INFO  [org.neo4j]: --- STARTED diagnostics for NEO_STORE_VERSIONS END ---
2015-04-18 02:54:01.763+0000 INFO  [org.neo4j]: --- STARTED diagnostics for NEO_STORE_ID_USAGE START ---
2015-04-18 02:54:01.763+0000 INFO  [org.neo4j]: Id usage:
    Id usage:
      SchemaStore: used=1 high=0
      NodeStore: used=0 high=-1
      RelationshipStore: used=0 high=-1
      RelationshipTypeStore: used=0 high=-1
      LabelTokenStore: used=0 high=-1
      PropertyStore: used=0 high=-1
      PropertyIndexStore: used=0 high=-1
      StringPropertyStore: used=1 high=0
      ArrayPropertyStore: used=1 high=0
      RelationshipGroupStore: used=1 high=0
2015-04-18 02:54:01.764+0000 INFO  [org.neo4j]: --- STARTED diagnostics for NEO_STORE_ID_USAGE END ---
2015-04-18 02:54:01.765+0000 INFO  [org.neo4j]: --- STARTED diagnostics for KernelDiagnostics:StoreFiles START ---
2015-04-18 02:54:01.765+0000 INFO  [org.neo4j]: Disk space on partition (Total / Free / Free %): 120473067520 / 5215719424 / 4
Storage files: (filename : modification date - size)
      index:
      - Total: 2015-04-17T22:53:59-0400 - 0.00 B
      lock: 2015-04-17T22:54:00-0400 - 0.00 B
      messages.log: 2015-04-17T22:54:01-0400 - 21.08 kB
      neostore: 2015-04-17T22:54:00-0400 - 99.00 B
      neostore.counts.db.a: 2015-04-17T22:53:59-0400 - 8.00 kB
      neostore.counts.db.b: 2015-04-17T22:53:59-0400 - 8.00 kB
      neostore.id: 2015-04-17T22:54:00-0400 - 9.00 B
      neostore.labeltokenstore.db: 2015-04-17T22:54:00-0400 - 0.00 B
      neostore.labeltokenstore.db.id: 2015-04-17T22:54:00-0400 - 9.00 B
      neostore.labeltokenstore.db.names: 2015-04-17T22:54:00-0400 - 38.00 B
      neostore.labeltokenstore.db.names.id: 2015-04-17T22:54:00-0400 - 9.00 B
      neostore.nodestore.db: 2015-04-17T22:54:00-0400 - 0.00 B
      neostore.nodestore.db.id: 2015-04-17T22:54:00-0400 - 9.00 B
      neostore.nodestore.db.labels: 2015-04-17T22:54:00-0400 - 68.00 B
      neostore.nodestore.db.labels.id: 2015-04-17T22:54:00-0400 - 9.00 B
      neostore.propertystore.db: 2015-04-17T22:54:00-0400 - 0.00 B
      neostore.propertystore.db.arrays: 2015-04-17T22:54:00-0400 - 128.00 B
      neostore.propertystore.db.arrays.id: 2015-04-17T22:54:00-0400 - 9.00 B
      neostore.propertystore.db.id: 2015-04-17T22:54:00-0400 - 9.00 B
      neostore.propertystore.db.index: 2015-04-17T22:54:00-0400 - 0.00 B
      neostore.propertystore.db.index.id: 2015-04-17T22:54:00-0400 - 9.00 B
      neostore.propertystore.db.index.keys: 2015-04-17T22:54:00-0400 - 38.00 B
      neostore.propertystore.db.index.keys.id: 2015-04-17T22:54:00-0400 - 9.00 B
      neostore.propertystore.db.strings: 2015-04-17T22:54:00-0400 - 128.00 B
      neostore.propertystore.db.strings.id: 2015-04-17T22:54:00-0400 - 9.00 B
      neostore.relationshipgroupstore.db: 2015-04-17T22:54:00-0400 - 25.00 B
      neostore.relationshipgroupstore.db.id: 2015-04-17T22:54:00-0400 - 9.00 B
      neostore.relationshipstore.db: 2015-04-17T22:54:00-0400 - 0.00 B
      neostore.relationshipstore.db.id: 2015-04-17T22:54:00-0400 - 9.00 B
      neostore.relationshiptypestore.db: 2015-04-17T22:54:00-0400 - 0.00 B
      neostore.relationshiptypestore.db.id: 2015-04-17T22:54:00-0400 - 9.00 B
      neostore.relationshiptypestore.db.names: 2015-04-17T22:54:00-0400 - 38.00 B
      neostore.relationshiptypestore.db.names.id: 2015-04-17T22:54:00-0400 - 9.00 B
      neostore.schemastore.db: 2015-04-17T22:54:00-0400 - 64.00 B
      neostore.schemastore.db.id: 2015-04-17T22:54:00-0400 - 9.00 B
      neostore.transaction.db.0: 2015-04-17T22:54:00-0400 - 16.00 B
      schema:
        label:
          lucene:
            write.lock: 2015-04-17T22:54:00-0400 - 0.00 B
          - Total: 2015-04-17T22:54:00-0400 - 0.00 B
        - Total: 2015-04-17T22:54:00-0400 - 0.00 B
      - Total: 2015-04-17T22:54:00-0400 - 0.00 B
      store_lock: 2015-04-17T22:53:59-0400 - 0.00 B
2015-04-18 02:54:01.775+0000 INFO  [org.neo4j]: --- STARTED diagnostics for KernelDiagnostics:StoreFiles END ---
2015-04-18 02:54:01.832+0000 INFO  [org.neo4j]: Database is now ready
2015-04-18 02:54:04.126+0000 INFO  [org.neo4j]: Shutdown started
2015-04-18 02:54:04.127+0000 INFO  [org.neo4j]: Database is now unavailable
2015-04-18 02:54:04.156+0000 INFO  [org.neo4j]: NeoStore closed
2015-04-18 02:54:04.156+0000 INFO  [org.neo4j]: --- STOPPING diagnostics START ---
2015-04-18 02:54:04.157+0000 INFO  [org.neo4j]: --- STOPPING diagnostics END ---
