2015-04-18 08:49:05.826+0000 INFO  [o.n.s.CommunityNeoServer]: Setting startup timeout to: 120000ms based on -1
2015-04-18 08:49:06.002+0000 INFO  [o.n.k.InternalAbstractGraphDatabase]: No locking implementation specified, defaulting to 'community'
2015-04-18 08:49:06.138+0000 INFO  [o.n.k.i.DiagnosticsManager]: --- INITIALIZED diagnostics START ---
2015-04-18 08:49:06.141+0000 INFO  [o.n.k.i.DiagnosticsManager]: Neo4j Kernel properties:
2015-04-18 08:49:06.142+0000 INFO  [o.n.k.i.DiagnosticsManager]: neostore.propertystore.db.mapped_memory=279M
2015-04-18 08:49:06.142+0000 INFO  [o.n.k.i.DiagnosticsManager]: neostore.relationshipgroupstore.db.mapped_memory=0M
2015-04-18 08:49:06.142+0000 INFO  [o.n.k.i.DiagnosticsManager]: neostore.nodestore.db.mapped_memory=77M
2015-04-18 08:49:06.143+0000 INFO  [o.n.k.i.DiagnosticsManager]: allow_store_upgrade=true
2015-04-18 08:49:06.143+0000 INFO  [o.n.k.i.DiagnosticsManager]: neostore.relationshipstore.db.mapped_memory=330M
2015-04-18 08:49:06.143+0000 INFO  [o.n.k.i.DiagnosticsManager]: neostore.propertystore.db.strings.mapped_memory=244M
2015-04-18 08:49:06.143+0000 INFO  [o.n.k.i.DiagnosticsManager]: store_dir=/Users/KeranZhao/GitHub/MultiDBs-KeywordSearchG-Server2/MultiDBsKeywordSearchGServerAPI/graph
2015-04-18 08:49:06.143+0000 INFO  [o.n.k.i.DiagnosticsManager]: neostore.propertystore.db.arrays.mapped_memory=285M
2015-04-18 08:49:06.143+0000 INFO  [o.n.k.i.DiagnosticsManager]: remote_shell_enabled=true
2015-04-18 08:49:06.145+0000 INFO  [o.n.k.i.DiagnosticsManager]: Diagnostics providers:
2015-04-18 08:49:06.145+0000 INFO  [o.n.k.i.DiagnosticsManager]: org.neo4j.kernel.configuration.Config
2015-04-18 08:49:06.145+0000 INFO  [o.n.k.i.DiagnosticsManager]: org.neo4j.kernel.info.DiagnosticsManager
2015-04-18 08:49:06.145+0000 INFO  [o.n.k.i.DiagnosticsManager]: SYSTEM_MEMORY
2015-04-18 08:49:06.145+0000 INFO  [o.n.k.i.DiagnosticsManager]: JAVA_MEMORY
2015-04-18 08:49:06.145+0000 INFO  [o.n.k.i.DiagnosticsManager]: OPERATING_SYSTEM
2015-04-18 08:49:06.145+0000 INFO  [o.n.k.i.DiagnosticsManager]: JAVA_VIRTUAL_MACHINE
2015-04-18 08:49:06.146+0000 INFO  [o.n.k.i.DiagnosticsManager]: CLASSPATH
2015-04-18 08:49:06.146+0000 INFO  [o.n.k.i.DiagnosticsManager]: LIBRARY_PATH
2015-04-18 08:49:06.146+0000 INFO  [o.n.k.i.DiagnosticsManager]: SYSTEM_PROPERTIES
2015-04-18 08:49:06.146+0000 INFO  [o.n.k.i.DiagnosticsManager]: NETWORK
2015-04-18 08:49:06.146+0000 INFO  [o.n.k.i.DiagnosticsManager]: System memory information:
2015-04-18 08:49:06.150+0000 INFO  [o.n.k.i.DiagnosticsManager]: Total Physical memory: 4.00 GB
2015-04-18 08:49:06.151+0000 INFO  [o.n.k.i.DiagnosticsManager]: Free Physical memory: 77.27 MB
2015-04-18 08:49:06.152+0000 INFO  [o.n.k.i.DiagnosticsManager]: Committed virtual memory: 3.58 GB
2015-04-18 08:49:06.153+0000 INFO  [o.n.k.i.DiagnosticsManager]: Total swap space: 2.00 GB
2015-04-18 08:49:06.153+0000 INFO  [o.n.k.i.DiagnosticsManager]: Free swap space: 1.16 GB
2015-04-18 08:49:06.154+0000 INFO  [o.n.k.i.DiagnosticsManager]: JVM memory information:
2015-04-18 08:49:06.155+0000 INFO  [o.n.k.i.DiagnosticsManager]: Free  memory: 42.02 MB
2015-04-18 08:49:06.155+0000 INFO  [o.n.k.i.DiagnosticsManager]: Total memory: 61.88 MB
2015-04-18 08:49:06.155+0000 INFO  [o.n.k.i.DiagnosticsManager]: Max   memory: 990.75 MB
2015-04-18 08:49:06.161+0000 INFO  [o.n.k.i.DiagnosticsManager]: Garbage Collector: ParNew: [Par Eden Space, Par Survivor Space]
2015-04-18 08:49:06.161+0000 INFO  [o.n.k.i.DiagnosticsManager]: Garbage Collector: ConcurrentMarkSweep: [Par Eden Space, Par Survivor Space, CMS Old Gen, CMS Perm Gen]
2015-04-18 08:49:06.164+0000 INFO  [o.n.k.i.DiagnosticsManager]: Memory Pool: Code Cache (Non-heap memory): committed=2.44 MB, used=725.56 kB, max=48.00 MB, threshold=0.00 B
2015-04-18 08:49:06.164+0000 INFO  [o.n.k.i.DiagnosticsManager]: Memory Pool: Par Eden Space (Heap memory): committed=17.06 MB, used=15.98 MB, max=266.25 MB, threshold=?
2015-04-18 08:49:06.165+0000 INFO  [o.n.k.i.DiagnosticsManager]: Memory Pool: Par Survivor Space (Heap memory): committed=2.13 MB, used=2.13 MB, max=33.25 MB, threshold=?
2015-04-18 08:49:06.166+0000 INFO  [o.n.k.i.DiagnosticsManager]: Memory Pool: CMS Old Gen (Heap memory): committed=42.69 MB, used=1.75 MB, max=691.25 MB, threshold=0.00 B
2015-04-18 08:49:06.166+0000 INFO  [o.n.k.i.DiagnosticsManager]: Memory Pool: CMS Perm Gen (Non-heap memory): committed=20.75 MB, used=12.77 MB, max=82.00 MB, threshold=0.00 B
2015-04-18 08:49:06.167+0000 INFO  [o.n.k.i.DiagnosticsManager]: Operating system information:
2015-04-18 08:49:06.168+0000 INFO  [o.n.k.i.DiagnosticsManager]: Operating System: Mac OS X; version: 10.9.5; arch: x86_64; cpus: 4
2015-04-18 08:49:06.169+0000 INFO  [o.n.k.i.DiagnosticsManager]: Max number of file descriptors: 10240
2015-04-18 08:49:06.170+0000 INFO  [o.n.k.i.DiagnosticsManager]: Number of open file descriptors: 86
2015-04-18 08:49:06.170+0000 INFO  [o.n.k.i.DiagnosticsManager]: Process id: 87732@zhaokerans-MacBook-Air.local
2015-04-18 08:49:06.171+0000 INFO  [o.n.k.i.DiagnosticsManager]: Byte order: LITTLE_ENDIAN
2015-04-18 08:49:06.171+0000 INFO  [o.n.k.i.DiagnosticsManager]: Local timezone: America/New_York
2015-04-18 08:49:06.171+0000 INFO  [o.n.k.i.DiagnosticsManager]: JVM information:
2015-04-18 08:49:06.171+0000 INFO  [o.n.k.i.DiagnosticsManager]: VM Name: Java HotSpot(TM) 64-Bit Server VM
2015-04-18 08:49:06.171+0000 INFO  [o.n.k.i.DiagnosticsManager]: VM Vendor: Oracle Corporation
2015-04-18 08:49:06.171+0000 INFO  [o.n.k.i.DiagnosticsManager]: VM Version: 24.75-b04
2015-04-18 08:49:06.172+0000 INFO  [o.n.k.i.DiagnosticsManager]: JIT compiler: HotSpot 64-Bit Tiered Compilers
2015-04-18 08:49:06.173+0000 INFO  [o.n.k.i.DiagnosticsManager]: VM Arguments: [-XX:+DisableExplicitGC, -Dorg.neo4j.server.properties=conf/neo4j-server.properties, -Djava.util.logging.config.file=conf/logging.properties, -Dlog4j.configuration=file:conf/log4j.properties, -XX:+UseConcMarkSweepGC, -XX:+CMSClassUnloadingEnabled, -XX:-OmitStackTraceInFastThrow, -Dneo4j.ext.udc.source=homebrew, -Djava.awt.headless=true, -Dneo4j.home=/usr/local/Cellar/neo4j/2.1.7/libexec, -Dneo4j.instance=/usr/local/Cellar/neo4j/2.1.7/libexec, -Dfile.encoding=UTF-8]
2015-04-18 08:49:06.173+0000 INFO  [o.n.k.i.DiagnosticsManager]: Java classpath:
2015-04-18 08:49:06.176+0000 INFO  [o.n.k.i.DiagnosticsManager]:  [classpath + loader.0] file:/usr/local/Cellar/neo4j/2.1.7/libexec/system/lib/jackson-mapper-asl-1.9.7.jar
2015-04-18 08:49:06.176+0000 INFO  [o.n.k.i.DiagnosticsManager]:  [classpath + loader.0] file:/usr/local/Cellar/neo4j/2.1.7/libexec/system/lib/commons-logging-1.1.1.jar
2015-04-18 08:49:06.176+0000 INFO  [o.n.k.i.DiagnosticsManager]:  [loader.1] file:/System/Library/Java/Extensions/dns_sd.jar
2015-04-18 08:49:06.176+0000 INFO  [o.n.k.i.DiagnosticsManager]:  [classpath + loader.0] file:/usr/local/Cellar/neo4j/2.1.7/libexec/lib/parboiled-core-1.1.6.jar
2015-04-18 08:49:06.176+0000 INFO  [o.n.k.i.DiagnosticsManager]:  [classpath + loader.0] file:/usr/local/Cellar/neo4j/2.1.7/libexec/conf/
2015-04-18 08:49:06.176+0000 INFO  [o.n.k.i.DiagnosticsManager]:  [classpath + loader.0] file:/usr/local/Cellar/neo4j/2.1.7/libexec/system/lib/jetty-server-9.0.5.v20130815.jar
2015-04-18 08:49:06.176+0000 INFO  [o.n.k.i.DiagnosticsManager]:  [bootstrap] /Library/Java/JavaVirtualMachines/jdk1.7.0_75.jdk/Contents/Home/jre/lib/resources.jar
2015-04-18 08:49:06.176+0000 INFO  [o.n.k.i.DiagnosticsManager]:  [classpath + loader.0] file:/usr/local/Cellar/neo4j/2.1.7/libexec/system/lib/jersey-core-1.9.jar
2015-04-18 08:49:06.176+0000 INFO  [o.n.k.i.DiagnosticsManager]:  [loader.1] file:/System/Library/Java/Extensions/MRJToolkit.jar
2015-04-18 08:49:06.176+0000 INFO  [o.n.k.i.DiagnosticsManager]:  [loader.1] file:/Library/Java/JavaVirtualMachines/jdk1.7.0_75.jdk/Contents/Home/jre/lib/ext/dnsns.jar
2015-04-18 08:49:06.176+0000 INFO  [o.n.k.i.DiagnosticsManager]:  [classpath + loader.0] file:/usr/local/Cellar/neo4j/2.1.7/libexec/lib/opencsv-2.3.jar
2015-04-18 08:49:06.176+0000 INFO  [o.n.k.i.DiagnosticsManager]:  [classpath + loader.0] file:/usr/local/Cellar/neo4j/2.1.7/libexec/lib/neo4j-primitive-collections-2.1.7.jar
2015-04-18 08:49:06.176+0000 INFO  [o.n.k.i.DiagnosticsManager]:  [classpath + loader.0] file:/usr/local/Cellar/neo4j/2.1.7/libexec/lib/neo4j-udc-2.1.7.jar
2015-04-18 08:49:06.176+0000 INFO  [o.n.k.i.DiagnosticsManager]:  [bootstrap] /Library/Java/JavaVirtualMachines/jdk1.7.0_75.jdk/Contents/Home/jre/lib/sunrsasign.jar
2015-04-18 08:49:06.176+0000 INFO  [o.n.k.i.DiagnosticsManager]:  [loader.1] file:/System/Library/Java/Extensions/vecmath.jar
2015-04-18 08:49:06.176+0000 INFO  [o.n.k.i.DiagnosticsManager]:  [loader.1] file:/System/Library/Java/Extensions/libmlib_jai.jnilib
2015-04-18 08:49:06.177+0000 INFO  [o.n.k.i.DiagnosticsManager]:  [classpath + loader.0] file:/usr/local/Cellar/neo4j/2.1.7/libexec/lib/neo4j-cypher-compiler-1.9-2.0.3.jar
2015-04-18 08:49:06.177+0000 INFO  [o.n.k.i.DiagnosticsManager]:  [bootstrap] /Library/Java/JavaVirtualMachines/jdk1.7.0_75.jdk/Contents/Home/jre/lib/charsets.jar
2015-04-18 08:49:06.177+0000 INFO  [o.n.k.i.DiagnosticsManager]:  [classpath + loader.0] file:/usr/local/Cellar/neo4j/2.1.7/libexec/system/lib/jersey-multipart-1.9.jar
2015-04-18 08:49:06.177+0000 INFO  [o.n.k.i.DiagnosticsManager]:  [bootstrap] /Library/Java/JavaVirtualMachines/jdk1.7.0_75.jdk/Contents/Home/jre/lib/jfr.jar
2015-04-18 08:49:06.177+0000 INFO  [o.n.k.i.DiagnosticsManager]:  [classpath + loader.0] file:/usr/local/Cellar/neo4j/2.1.7/libexec/system/lib/jackson-core-asl-1.9.7.jar
2015-04-18 08:49:06.177+0000 INFO  [o.n.k.i.DiagnosticsManager]:  [loader.1] file:/System/Library/Java/Extensions/libJ3D.jnilib
2015-04-18 08:49:06.177+0000 INFO  [o.n.k.i.DiagnosticsManager]:  [classpath + loader.0] file:/usr/local/Cellar/neo4j/2.1.7/libexec/lib/scala-library-2.10.4.jar
2015-04-18 08:49:06.177+0000 INFO  [o.n.k.i.DiagnosticsManager]:  [bootstrap] /Library/Java/JavaVirtualMachines/jdk1.7.0_75.jdk/Contents/Home/jre/lib/jsse.jar
2015-04-18 08:49:06.177+0000 INFO  [o.n.k.i.DiagnosticsManager]:  [loader.1] file:/System/Library/Java/Extensions/mlibwrapper_jai.jar
2015-04-18 08:49:06.177+0000 INFO  [o.n.k.i.DiagnosticsManager]:  [classpath + loader.0] file:/usr/local/Cellar/neo4j/2.1.7/libexec/system/lib/neo4j-browser-2.1.7.jar
2015-04-18 08:49:06.177+0000 INFO  [o.n.k.i.DiagnosticsManager]:  [classpath + loader.0] file:/usr/local/Cellar/neo4j/2.1.7/libexec/lib/neo4j-cypher-compiler-2.1-2.1.7.jar
2015-04-18 08:49:06.177+0000 INFO  [o.n.k.i.DiagnosticsManager]:  [loader.1] file:/System/Library/Java/Extensions/QTJava.zip
2015-04-18 08:49:06.177+0000 INFO  [o.n.k.i.DiagnosticsManager]:  [classpath + loader.0] file:/usr/local/Cellar/neo4j/2.1.7/libexec/system/lib/javax.servlet-3.0.0.v201112011016.jar
2015-04-18 08:49:06.177+0000 INFO  [o.n.k.i.DiagnosticsManager]:  [classpath + loader.0] file:/usr/local/Cellar/neo4j/2.1.7/libexec/lib/neo4j-lucene-index-2.1.7.jar
2015-04-18 08:49:06.177+0000 INFO  [o.n.k.i.DiagnosticsManager]:  [bootstrap] /Library/Java/JavaVirtualMachines/jdk1.7.0_75.jdk/Contents/Home/jre/lib/rt.jar
2015-04-18 08:49:06.177+0000 INFO  [o.n.k.i.DiagnosticsManager]:  [classpath + loader.0] file:/usr/local/Cellar/neo4j/2.1.7/libexec/system/lib/commons-lang-2.4.jar
2015-04-18 08:49:06.177+0000 INFO  [o.n.k.i.DiagnosticsManager]:  [loader.1] file:/System/Library/Java/Extensions/libJ3DAudio.jnilib
2015-04-18 08:49:06.177+0000 INFO  [o.n.k.i.DiagnosticsManager]:  [loader.1] file:/System/Library/Java/Extensions/libAppleScriptEngine.jnilib
2015-04-18 08:49:06.177+0000 INFO  [o.n.k.i.DiagnosticsManager]:  [classpath + loader.0] file:/usr/local/Cellar/neo4j/2.1.7/libexec/system/lib/rhino-1.7R4.jar
2015-04-18 08:49:06.178+0000 INFO  [o.n.k.i.DiagnosticsManager]:  [classpath + loader.0] file:/usr/local/Cellar/neo4j/2.1.7/libexec/system/lib/opencsv-2.3.jar
2015-04-18 08:49:06.178+0000 INFO  [o.n.k.i.DiagnosticsManager]:  [loader.1] file:/Library/Java/JavaVirtualMachines/jdk1.7.0_75.jdk/Contents/Home/jre/lib/ext/sunjce_provider.jar
2015-04-18 08:49:06.178+0000 INFO  [o.n.k.i.DiagnosticsManager]:  [classpath + loader.0] file:/usr/local/Cellar/neo4j/2.1.7/libexec/lib/neo4j-cypher-compiler-2.0-2.0.3.jar
2015-04-18 08:49:06.178+0000 INFO  [o.n.k.i.DiagnosticsManager]:  [loader.1] file:/System/Library/Java/Extensions/j3daudio.jar
2015-04-18 08:49:06.178+0000 INFO  [o.n.k.i.DiagnosticsManager]:  [bootstrap] /Library/Java/JavaVirtualMachines/jdk1.7.0_75.jdk/Contents/Home/jre/lib/jce.jar
2015-04-18 08:49:06.178+0000 INFO  [o.n.k.i.DiagnosticsManager]:  [loader.1] file:/System/Library/Java/Extensions/libJ3DUtils.jnilib
2015-04-18 08:49:06.178+0000 INFO  [o.n.k.i.DiagnosticsManager]:  [classpath + loader.0] file:/usr/local/Cellar/neo4j/2.1.7/libexec/system/lib/jsr311-api-1.1.2.r612.jar
2015-04-18 08:49:06.178+0000 INFO  [o.n.k.i.DiagnosticsManager]:  [loader.1] file:/System/Library/Java/Extensions/libQTJNative.jnilib
2015-04-18 08:49:06.178+0000 INFO  [o.n.k.i.DiagnosticsManager]:  [loader.1] file:/System/Library/Java/Extensions/j3dcore.jar
2015-04-18 08:49:06.178+0000 INFO  [o.n.k.i.DiagnosticsManager]:  [loader.1] file:/Library/Java/JavaVirtualMachines/jdk1.7.0_75.jdk/Contents/Home/jre/lib/ext/sunec.jar
2015-04-18 08:49:06.178+0000 INFO  [o.n.k.i.DiagnosticsManager]:  [classpath + loader.0] file:/usr/local/Cellar/neo4j/2.1.7/libexec/lib/neo4j-cypher-2.1.7.jar
2015-04-18 08:49:06.178+0000 INFO  [o.n.k.i.DiagnosticsManager]:  [classpath + loader.0] file:/usr/local/Cellar/neo4j/2.1.7/libexec/lib/geronimo-jta_1.1_spec-1.1.1.jar
2015-04-18 08:49:06.178+0000 INFO  [o.n.k.i.DiagnosticsManager]:  [classpath + loader.0] file:/usr/local/Cellar/neo4j/2.1.7/libexec/system/lib/jetty-util-9.0.5.v20130815.jar
2015-04-18 08:49:06.178+0000 INFO  [o.n.k.i.DiagnosticsManager]:  [classpath + loader.0] file:/usr/local/Cellar/neo4j/2.1.7/libexec/system/lib/commons-beanutils-1.8.0.jar
2015-04-18 08:49:06.178+0000 INFO  [o.n.k.i.DiagnosticsManager]:  [classpath + loader.0] file:/usr/local/Cellar/neo4j/2.1.7/libexec/lib/server-api-2.1.7.jar
2015-04-18 08:49:06.178+0000 INFO  [o.n.k.i.DiagnosticsManager]:  [loader.1] file:/usr/lib/java/libjdns_sd.jnilib
2015-04-18 08:49:06.178+0000 INFO  [o.n.k.i.DiagnosticsManager]:  [classpath + loader.0] file:/usr/local/Cellar/neo4j/2.1.7/libexec/system/lib/mimepull-1.6.jar
2015-04-18 08:49:06.178+0000 INFO  [o.n.k.i.DiagnosticsManager]:  [classpath + loader.0] file:/usr/local/Cellar/neo4j/2.1.7/libexec/system/lib/logback-core-1.1.2.jar
2015-04-18 08:49:06.178+0000 INFO  [o.n.k.i.DiagnosticsManager]:  [classpath + loader.0] file:/usr/local/Cellar/neo4j/2.1.7/libexec/system/lib/jetty-xml-9.0.5.v20130815.jar
2015-04-18 08:49:06.178+0000 INFO  [o.n.k.i.DiagnosticsManager]:  [classpath + loader.0] file:/usr/local/Cellar/neo4j/2.1.7/libexec/system/lib/jackson-jaxrs-1.9.7.jar
2015-04-18 08:49:06.178+0000 INFO  [o.n.k.i.DiagnosticsManager]:  [classpath + loader.0] file:/usr/local/Cellar/neo4j/2.1.7/libexec/system/lib/logback-classic-1.1.2.jar
2015-04-18 08:49:06.179+0000 INFO  [o.n.k.i.DiagnosticsManager]:  [classpath + loader.0] file:/usr/local/Cellar/neo4j/2.1.7/libexec/lib/neo4j-graph-matching-2.1.7.jar
2015-04-18 08:49:06.179+0000 INFO  [o.n.k.i.DiagnosticsManager]:  [loader.1] file:/System/Library/Java/Extensions/j3dutils.jar
2015-04-18 08:49:06.179+0000 INFO  [o.n.k.i.DiagnosticsManager]:  [classpath + loader.0] file:/usr/local/Cellar/neo4j/2.1.7/libexec/lib/lucene-core-3.6.2.jar
2015-04-18 08:49:06.179+0000 INFO  [o.n.k.i.DiagnosticsManager]:  [loader.1] file:/System/Library/Java/Extensions/jai_core.jar
2015-04-18 08:49:06.179+0000 INFO  [o.n.k.i.DiagnosticsManager]:  [classpath + loader.0] file:/usr/local/Cellar/neo4j/2.1.7/libexec/lib/org.apache.servicemix.bundles.jline-0.9.94_1.jar
2015-04-18 08:49:06.179+0000 INFO  [o.n.k.i.DiagnosticsManager]:  [classpath + loader.0] file:/usr/local/Cellar/neo4j/2.1.7/libexec/lib/neo4j-graph-algo-2.1.7.jar
2015-04-18 08:49:06.179+0000 INFO  [o.n.k.i.DiagnosticsManager]:  [classpath + loader.0] file:/usr/local/Cellar/neo4j/2.1.7/libexec/lib/neo4j-cypher-commons-2.1.7.jar
2015-04-18 08:49:06.179+0000 INFO  [o.n.k.i.DiagnosticsManager]:  [classpath + loader.0] file:/usr/local/Cellar/neo4j/2.1.7/libexec/system/lib/slf4j-api-1.6.2.jar
2015-04-18 08:49:06.179+0000 INFO  [o.n.k.i.DiagnosticsManager]:  [classpath + loader.0] file:/usr/local/Cellar/neo4j/2.1.7/libexec/system/lib/asm-3.1.jar
2015-04-18 08:49:06.179+0000 INFO  [o.n.k.i.DiagnosticsManager]:  [loader.1] file:/System/Library/Java/Extensions/jai_codec.jar
2015-04-18 08:49:06.179+0000 INFO  [o.n.k.i.DiagnosticsManager]:  [classpath + loader.0] file:/usr/local/Cellar/neo4j/2.1.7/libexec/system/lib/jetty-security-9.0.5.v20130815.jar
2015-04-18 08:49:06.179+0000 INFO  [o.n.k.i.DiagnosticsManager]:  [loader.1] file:/Library/Java/JavaVirtualMachines/jdk1.7.0_75.jdk/Contents/Home/jre/lib/ext/zipfs.jar
2015-04-18 08:49:06.179+0000 INFO  [o.n.k.i.DiagnosticsManager]:  [classpath + loader.0] file:/usr/local/Cellar/neo4j/2.1.7/libexec/system/lib/jetty-webapp-9.0.5.v20130815.jar
2015-04-18 08:49:06.179+0000 INFO  [o.n.k.i.DiagnosticsManager]:  [classpath + loader.0] file:/usr/local/Cellar/neo4j/2.1.7/libexec/lib/concurrentlinkedhashmap-lru-1.3.1.jar
2015-04-18 08:49:06.179+0000 INFO  [o.n.k.i.DiagnosticsManager]:  [loader.1] file:/Library/Java/JavaVirtualMachines/jdk1.7.0_75.jdk/Contents/Home/jre/lib/ext/localedata.jar
2015-04-18 08:49:06.179+0000 INFO  [o.n.k.i.DiagnosticsManager]:  [classpath + loader.0] file:/usr/local/Cellar/neo4j/2.1.7/libexec/system/lib/bcprov-jdk16-140.jar
2015-04-18 08:49:06.179+0000 INFO  [o.n.k.i.DiagnosticsManager]:  [classpath + loader.0] file:/usr/local/Cellar/neo4j/2.1.7/libexec/system/lib/jetty-io-9.0.5.v20130815.jar
2015-04-18 08:49:06.179+0000 INFO  [o.n.k.i.DiagnosticsManager]:  [classpath + loader.0] file:/usr/local/Cellar/neo4j/2.1.7/libexec/system/lib/commons-compiler-2.6.1.jar
2015-04-18 08:49:06.179+0000 INFO  [o.n.k.i.DiagnosticsManager]:  [classpath + loader.0] file:/usr/local/Cellar/neo4j/2.1.7/libexec/lib/neo4j-shell-2.1.7.jar
2015-04-18 08:49:06.179+0000 INFO  [o.n.k.i.DiagnosticsManager]:  [classpath + loader.0] file:/usr/local/Cellar/neo4j/2.1.7/libexec/system/lib/commons-io-1.4.jar
2015-04-18 08:49:06.179+0000 INFO  [o.n.k.i.DiagnosticsManager]:  [bootstrap] /Library/Java/JavaVirtualMachines/jdk1.7.0_75.jdk/Contents/Home/jre/classes
2015-04-18 08:49:06.179+0000 INFO  [o.n.k.i.DiagnosticsManager]:  [classpath + loader.0] file:/usr/local/Cellar/neo4j/2.1.7/libexec/lib/parboiled-scala_2.10-1.1.6.jar
2015-04-18 08:49:06.179+0000 INFO  [o.n.k.i.DiagnosticsManager]:  [classpath + loader.0] file:/usr/local/Cellar/neo4j/2.1.7/libexec/lib/neo4j-jmx-2.1.7.jar
2015-04-18 08:49:06.180+0000 INFO  [o.n.k.i.DiagnosticsManager]:  [classpath + loader.0] file:/usr/local/Cellar/neo4j/2.1.7/libexec/system/lib/commons-beanutils-core-1.8.0.jar
2015-04-18 08:49:06.180+0000 INFO  [o.n.k.i.DiagnosticsManager]:  [classpath + loader.0] file:/usr/local/Cellar/neo4j/2.1.7/libexec/system/lib/commons-digester-1.8.1.jar
2015-04-18 08:49:06.180+0000 INFO  [o.n.k.i.DiagnosticsManager]:  [classpath + loader.0] file:/usr/local/Cellar/neo4j/2.1.7/libexec/system/lib/logback-access-1.1.2.jar
2015-04-18 08:49:06.180+0000 INFO  [o.n.k.i.DiagnosticsManager]:  [loader.1] file:/Library/Java/JavaVirtualMachines/jdk1.7.0_75.jdk/Contents/Home/jre/lib/ext/sunpkcs11.jar
2015-04-18 08:49:06.180+0000 INFO  [o.n.k.i.DiagnosticsManager]:  [classpath + loader.0] file:/usr/local/Cellar/neo4j/2.1.7/libexec/system/lib/neo4j-server-2.1.7-static-web.jar
2015-04-18 08:49:06.180+0000 INFO  [o.n.k.i.DiagnosticsManager]:  [classpath + loader.0] file:/usr/local/Cellar/neo4j/2.1.7/libexec/system/lib/neo4j-server-2.1.7.jar
2015-04-18 08:49:06.180+0000 INFO  [o.n.k.i.DiagnosticsManager]:  [classpath + loader.0] file:/usr/local/Cellar/neo4j/2.1.7/libexec/system/lib/jetty-http-9.0.5.v20130815.jar
2015-04-18 08:49:06.180+0000 INFO  [o.n.k.i.DiagnosticsManager]:  [classpath + loader.0] file:/usr/local/Cellar/neo4j/2.1.7/libexec/system/lib/jersey-server-1.9.jar
2015-04-18 08:49:06.180+0000 INFO  [o.n.k.i.DiagnosticsManager]:  [classpath + loader.0] file:/usr/local/Cellar/neo4j/2.1.7/libexec/system/lib/jcl-over-slf4j-1.6.1.jar
2015-04-18 08:49:06.180+0000 INFO  [o.n.k.i.DiagnosticsManager]:  [loader.1] file:/System/Library/Java/Extensions/AppleScriptEngine.jar
2015-04-18 08:49:06.180+0000 INFO  [o.n.k.i.DiagnosticsManager]:  [classpath + loader.0] file:/usr/local/Cellar/neo4j/2.1.7/libexec/system/lib/rrd4j-2.0.7.jar
2015-04-18 08:49:06.180+0000 INFO  [o.n.k.i.DiagnosticsManager]:  [classpath + loader.0] file:/usr/local/Cellar/neo4j/2.1.7/libexec/system/lib/janino-2.6.1.jar
2015-04-18 08:49:06.180+0000 INFO  [o.n.k.i.DiagnosticsManager]:  [classpath + loader.0] file:/usr/local/Cellar/neo4j/2.1.7/libexec/system/lib/jetty-servlet-9.0.5.v20130815.jar
2015-04-18 08:49:06.180+0000 INFO  [o.n.k.i.DiagnosticsManager]:  [classpath + loader.0] file:/usr/local/Cellar/neo4j/2.1.7/libexec/system/lib/commons-configuration-1.6.jar
2015-04-18 08:49:06.180+0000 INFO  [o.n.k.i.DiagnosticsManager]:  [classpath + loader.0] file:/usr/local/Cellar/neo4j/2.1.7/libexec/lib/neo4j-kernel-2.1.7.jar
2015-04-18 08:49:06.180+0000 INFO  [o.n.k.i.DiagnosticsManager]:  [classpath + loader.0] file:/usr/local/Cellar/neo4j/2.1.7/libexec/system/lib/commons-collections-3.2.1.jar
2015-04-18 08:49:06.180+0000 INFO  [o.n.k.i.DiagnosticsManager]: Library path:
2015-04-18 08:49:06.180+0000 INFO  [o.n.k.i.DiagnosticsManager]: /Users/KeranZhao/Library/Java/Extensions
2015-04-18 08:49:06.181+0000 INFO  [o.n.k.i.DiagnosticsManager]: /Library/Java/Extensions
2015-04-18 08:49:06.181+0000 INFO  [o.n.k.i.DiagnosticsManager]: /Network/Library/Java/Extensions
2015-04-18 08:49:06.181+0000 INFO  [o.n.k.i.DiagnosticsManager]: /System/Library/Java/Extensions
2015-04-18 08:49:06.181+0000 INFO  [o.n.k.i.DiagnosticsManager]: /usr/lib/java
2015-04-18 08:49:06.181+0000 INFO  [o.n.k.i.DiagnosticsManager]: /usr/local/Cellar/neo4j/2.1.7/libexec
2015-04-18 08:49:06.181+0000 INFO  [o.n.k.i.DiagnosticsManager]: System.properties:
2015-04-18 08:49:06.182+0000 INFO  [o.n.k.i.DiagnosticsManager]: sun.boot.library.path = /Library/Java/JavaVirtualMachines/jdk1.7.0_75.jdk/Contents/Home/jre/lib
2015-04-18 08:49:06.182+0000 INFO  [o.n.k.i.DiagnosticsManager]: org.neo4j.server.properties = conf/neo4j-server.properties
2015-04-18 08:49:06.182+0000 INFO  [o.n.k.i.DiagnosticsManager]: gopherProxySet = false
2015-04-18 08:49:06.183+0000 INFO  [o.n.k.i.DiagnosticsManager]: path.separator = :
2015-04-18 08:49:06.183+0000 INFO  [o.n.k.i.DiagnosticsManager]: file.encoding.pkg = sun.io
2015-04-18 08:49:06.183+0000 INFO  [o.n.k.i.DiagnosticsManager]: user.country = US
2015-04-18 08:49:06.183+0000 INFO  [o.n.k.i.DiagnosticsManager]: sun.java.launcher = SUN_STANDARD
2015-04-18 08:49:06.183+0000 INFO  [o.n.k.i.DiagnosticsManager]: sun.os.patch.level = unknown
2015-04-18 08:49:06.183+0000 INFO  [o.n.k.i.DiagnosticsManager]: user.dir = /usr/local/Cellar/neo4j/2.1.7/libexec
2015-04-18 08:49:06.183+0000 INFO  [o.n.k.i.DiagnosticsManager]: neo4j.ext.udc.source = homebrew
2015-04-18 08:49:06.184+0000 INFO  [o.n.k.i.DiagnosticsManager]: log4j.configuration = file:conf/log4j.properties
2015-04-18 08:49:06.184+0000 INFO  [o.n.k.i.DiagnosticsManager]: sun.jnu.encoding = UTF-8
2015-04-18 08:49:06.184+0000 INFO  [o.n.k.i.DiagnosticsManager]: sun.management.compiler = HotSpot 64-Bit Tiered Compilers
2015-04-18 08:49:06.184+0000 INFO  [o.n.k.i.DiagnosticsManager]: http.nonProxyHosts = local|*.local|169.254/16|*.169.254/16
2015-04-18 08:49:06.184+0000 INFO  [o.n.k.i.DiagnosticsManager]: user.home = /Users/KeranZhao
2015-04-18 08:49:06.184+0000 INFO  [o.n.k.i.DiagnosticsManager]: user.timezone = America/New_York
2015-04-18 08:49:06.184+0000 INFO  [o.n.k.i.DiagnosticsManager]: file.encoding = UTF-8
2015-04-18 08:49:06.184+0000 INFO  [o.n.k.i.DiagnosticsManager]: user.name = KeranZhao
2015-04-18 08:49:06.185+0000 INFO  [o.n.k.i.DiagnosticsManager]: sun.java.command = org.neo4j.server.Bootstrapper
2015-04-18 08:49:06.185+0000 INFO  [o.n.k.i.DiagnosticsManager]: sun.arch.data.model = 64
2015-04-18 08:49:06.185+0000 INFO  [o.n.k.i.DiagnosticsManager]: user.language = en
2015-04-18 08:49:06.185+0000 INFO  [o.n.k.i.DiagnosticsManager]: awt.toolkit = sun.lwawt.macosx.LWCToolkit
2015-04-18 08:49:06.185+0000 INFO  [o.n.k.i.DiagnosticsManager]: file.separator = /
2015-04-18 08:49:06.185+0000 INFO  [o.n.k.i.DiagnosticsManager]: sun.io.unicode.encoding = UnicodeBig
2015-04-18 08:49:06.185+0000 INFO  [o.n.k.i.DiagnosticsManager]: sun.cpu.endian = little
2015-04-18 08:49:06.186+0000 INFO  [o.n.k.i.DiagnosticsManager]: socksNonProxyHosts = local|*.local|169.254/16|*.169.254/16
2015-04-18 08:49:06.186+0000 INFO  [o.n.k.i.DiagnosticsManager]: neo4j.instance = /usr/local/Cellar/neo4j/2.1.7/libexec
2015-04-18 08:49:06.186+0000 INFO  [o.n.k.i.DiagnosticsManager]: ftp.nonProxyHosts = local|*.local|169.254/16|*.169.254/16
2015-04-18 08:49:06.186+0000 INFO  [o.n.k.i.DiagnosticsManager]: neo4j.home = /usr/local/Cellar/neo4j/2.1.7/libexec
2015-04-18 08:49:06.186+0000 INFO  [o.n.k.i.DiagnosticsManager]: sun.cpu.isalist = 
2015-04-18 08:49:06.186+0000 INFO  [o.n.k.i.DiagnosticsManager]: Network information:
2015-04-18 08:49:06.191+0000 INFO  [o.n.k.i.DiagnosticsManager]: Interface en0:
2015-04-18 08:49:06.191+0000 INFO  [o.n.k.i.DiagnosticsManager]:     address: fe80:0:0:0:4ad7:5ff:fee8:40cf%4
2015-04-18 08:49:06.191+0000 INFO  [o.n.k.i.DiagnosticsManager]:     address: 192.168.1.5
2015-04-18 08:49:06.192+0000 INFO  [o.n.k.i.DiagnosticsManager]: Interface lo0:
2015-04-18 08:49:06.192+0000 INFO  [o.n.k.i.DiagnosticsManager]:     address: fe80:0:0:0:0:0:0:1%1
2015-04-18 08:49:06.192+0000 INFO  [o.n.k.i.DiagnosticsManager]:     address: 0:0:0:0:0:0:0:1
2015-04-18 08:49:06.192+0000 INFO  [o.n.k.i.DiagnosticsManager]:     address: 127.0.0.1
2015-04-18 08:49:06.192+0000 INFO  [o.n.k.i.DiagnosticsManager]: --- INITIALIZED diagnostics END ---
2015-04-18 08:49:06.422+0000 INFO  [o.n.k.i.n.s.StoreFactory]: Creating new db @ /Users/KeranZhao/GitHub/MultiDBs-KeywordSearchG-Server2/MultiDBsKeywordSearchGServerAPI/graph/neostore
2015-04-18 08:49:06.466+0000 INFO  [o.n.k.i.n.s.StoreFactory]: [/Users/KeranZhao/GitHub/MultiDBs-KeywordSearchG-Server2/MultiDBsKeywordSearchGServerAPI/graph/neostore.relationshiptypestore.db.names] brickCount=0 brickSize=0b mappedMem=0b (storeSize=38b)
2015-04-18 08:49:06.468+0000 INFO  [o.n.k.i.n.s.StoreFactory]: [/Users/KeranZhao/GitHub/MultiDBs-KeywordSearchG-Server2/MultiDBsKeywordSearchGServerAPI/graph/neostore.relationshiptypestore.db] brickCount=0 brickSize=0b mappedMem=0b (storeSize=0b)
2015-04-18 08:49:06.468+0000 INFO  [o.n.k.i.n.s.StoreFactory]: /Users/KeranZhao/GitHub/MultiDBs-KeywordSearchG-Server2/MultiDBsKeywordSearchGServerAPI/graph/neostore.relationshiptypestore.db.names hit=0 miss=0 switches=0 ooe=0
2015-04-18 08:49:06.470+0000 INFO  [o.n.k.i.n.s.StoreFactory]: /Users/KeranZhao/GitHub/MultiDBs-KeywordSearchG-Server2/MultiDBsKeywordSearchGServerAPI/graph/neostore.relationshiptypestore.db hit=0 miss=0 switches=0 ooe=0
2015-04-18 08:49:06.474+0000 INFO  [o.n.k.i.n.s.StoreFactory]: [/Users/KeranZhao/GitHub/MultiDBs-KeywordSearchG-Server2/MultiDBsKeywordSearchGServerAPI/graph/neostore.labeltokenstore.db.names] brickCount=0 brickSize=0b mappedMem=0b (storeSize=38b)
2015-04-18 08:49:06.475+0000 INFO  [o.n.k.i.n.s.StoreFactory]: [/Users/KeranZhao/GitHub/MultiDBs-KeywordSearchG-Server2/MultiDBsKeywordSearchGServerAPI/graph/neostore.labeltokenstore.db] brickCount=0 brickSize=0b mappedMem=0b (storeSize=0b)
2015-04-18 08:49:06.475+0000 INFO  [o.n.k.i.n.s.StoreFactory]: /Users/KeranZhao/GitHub/MultiDBs-KeywordSearchG-Server2/MultiDBsKeywordSearchGServerAPI/graph/neostore.labeltokenstore.db.names hit=0 miss=0 switches=0 ooe=0
2015-04-18 08:49:06.476+0000 INFO  [o.n.k.i.n.s.StoreFactory]: /Users/KeranZhao/GitHub/MultiDBs-KeywordSearchG-Server2/MultiDBsKeywordSearchGServerAPI/graph/neostore.labeltokenstore.db hit=0 miss=0 switches=0 ooe=0
2015-04-18 08:49:06.482+0000 INFO  [o.n.k.i.n.s.StoreFactory]: [/Users/KeranZhao/GitHub/MultiDBs-KeywordSearchG-Server2/MultiDBsKeywordSearchGServerAPI/graph/neostore.relationshiptypestore.db.names] brickCount=0 brickSize=0b mappedMem=0b (storeSize=38b)
2015-04-18 08:49:06.482+0000 INFO  [o.n.k.i.n.s.StoreFactory]: [/Users/KeranZhao/GitHub/MultiDBs-KeywordSearchG-Server2/MultiDBsKeywordSearchGServerAPI/graph/neostore.relationshiptypestore.db] brickCount=0 brickSize=0b mappedMem=0b (storeSize=0b)
2015-04-18 08:49:06.483+0000 INFO  [o.n.k.i.n.s.StoreFactory]: [/Users/KeranZhao/GitHub/MultiDBs-KeywordSearchG-Server2/MultiDBsKeywordSearchGServerAPI/graph/neostore.labeltokenstore.db.names] brickCount=0 brickSize=0b mappedMem=0b (storeSize=38b)
2015-04-18 08:49:06.483+0000 INFO  [o.n.k.i.n.s.StoreFactory]: [/Users/KeranZhao/GitHub/MultiDBs-KeywordSearchG-Server2/MultiDBsKeywordSearchGServerAPI/graph/neostore.labeltokenstore.db] brickCount=0 brickSize=0b mappedMem=0b (storeSize=0b)
2015-04-18 08:49:06.483+0000 INFO  [o.n.k.i.n.s.StoreFactory]: [/Users/KeranZhao/GitHub/MultiDBs-KeywordSearchG-Server2/MultiDBsKeywordSearchGServerAPI/graph/neostore.propertystore.db.strings] brickCount=0 brickSize=255744b mappedMem=255852544b (storeSize=128b)
2015-04-18 08:49:06.484+0000 INFO  [o.n.k.i.n.s.StoreFactory]: [/Users/KeranZhao/GitHub/MultiDBs-KeywordSearchG-Server2/MultiDBsKeywordSearchGServerAPI/graph/neostore.propertystore.db.index.keys] brickCount=0 brickSize=0b mappedMem=0b (storeSize=38b)
2015-04-18 08:49:06.484+0000 INFO  [o.n.k.i.n.s.StoreFactory]: [/Users/KeranZhao/GitHub/MultiDBs-KeywordSearchG-Server2/MultiDBsKeywordSearchGServerAPI/graph/neostore.propertystore.db.index] brickCount=0 brickSize=0b mappedMem=0b (storeSize=0b)
2015-04-18 08:49:06.485+0000 INFO  [o.n.k.i.n.s.StoreFactory]: [/Users/KeranZhao/GitHub/MultiDBs-KeywordSearchG-Server2/MultiDBsKeywordSearchGServerAPI/graph/neostore.propertystore.db.arrays] brickCount=0 brickSize=298752b mappedMem=298844160b (storeSize=128b)
2015-04-18 08:49:06.488+0000 INFO  [o.n.k.i.n.s.StoreFactory]: [/Users/KeranZhao/GitHub/MultiDBs-KeywordSearchG-Server2/MultiDBsKeywordSearchGServerAPI/graph/neostore.propertystore.db] brickCount=0 brickSize=2925514b mappedMem=292552704b (storeSize=0b)
2015-04-18 08:49:06.492+0000 INFO  [o.n.k.i.n.s.StoreFactory]: [/Users/KeranZhao/GitHub/MultiDBs-KeywordSearchG-Server2/MultiDBsKeywordSearchGServerAPI/graph/neostore.relationshipstore.db] brickCount=0 brickSize=3460282b mappedMem=346030080b (storeSize=0b)
2015-04-18 08:49:06.492+0000 INFO  [o.n.k.i.n.s.StoreFactory]: [/Users/KeranZhao/GitHub/MultiDBs-KeywordSearchG-Server2/MultiDBsKeywordSearchGServerAPI/graph/neostore.nodestore.db.labels] brickCount=0 brickSize=0b mappedMem=0b (storeSize=68b)
2015-04-18 08:49:06.495+0000 INFO  [o.n.k.i.n.s.StoreFactory]: [/Users/KeranZhao/GitHub/MultiDBs-KeywordSearchG-Server2/MultiDBsKeywordSearchGServerAPI/graph/neostore.nodestore.db] brickCount=0 brickSize=807390b mappedMem=80740352b (storeSize=0b)
2015-04-18 08:49:06.496+0000 INFO  [o.n.k.i.n.s.StoreFactory]: [/Users/KeranZhao/GitHub/MultiDBs-KeywordSearchG-Server2/MultiDBsKeywordSearchGServerAPI/graph/neostore.schemastore.db] brickCount=0 brickSize=0b mappedMem=0b (storeSize=64b)
2015-04-18 08:49:06.498+0000 INFO  [o.n.k.i.n.s.StoreFactory]: [/Users/KeranZhao/GitHub/MultiDBs-KeywordSearchG-Server2/MultiDBsKeywordSearchGServerAPI/graph/neostore.relationshipgroupstore.db] brickCount=0 brickSize=0b mappedMem=0b (storeSize=25b)
2015-04-18 08:49:06.499+0000 INFO  [o.n.k.i.n.s.StoreFactory]: [/Users/KeranZhao/GitHub/MultiDBs-KeywordSearchG-Server2/MultiDBsKeywordSearchGServerAPI/graph/neostore] brickCount=0 brickSize=0b mappedMem=0b (storeSize=0b)
2015-04-18 08:49:06.504+0000 INFO  [o.n.k.i.n.s.StoreFactory]: /Users/KeranZhao/GitHub/MultiDBs-KeywordSearchG-Server2/MultiDBsKeywordSearchGServerAPI/graph/neostore.relationshiptypestore.db.names hit=0 miss=0 switches=0 ooe=0
2015-04-18 08:49:06.505+0000 INFO  [o.n.k.i.n.s.StoreFactory]: /Users/KeranZhao/GitHub/MultiDBs-KeywordSearchG-Server2/MultiDBsKeywordSearchGServerAPI/graph/neostore.relationshiptypestore.db hit=0 miss=0 switches=0 ooe=0
2015-04-18 08:49:06.506+0000 INFO  [o.n.k.i.n.s.StoreFactory]: /Users/KeranZhao/GitHub/MultiDBs-KeywordSearchG-Server2/MultiDBsKeywordSearchGServerAPI/graph/neostore.labeltokenstore.db.names hit=0 miss=0 switches=0 ooe=0
2015-04-18 08:49:06.507+0000 INFO  [o.n.k.i.n.s.StoreFactory]: /Users/KeranZhao/GitHub/MultiDBs-KeywordSearchG-Server2/MultiDBsKeywordSearchGServerAPI/graph/neostore.labeltokenstore.db hit=0 miss=0 switches=0 ooe=0
2015-04-18 08:49:06.508+0000 INFO  [o.n.k.i.n.s.StoreFactory]: /Users/KeranZhao/GitHub/MultiDBs-KeywordSearchG-Server2/MultiDBsKeywordSearchGServerAPI/graph/neostore.propertystore.db.strings hit=0 miss=0 switches=0 ooe=0
2015-04-18 08:49:06.509+0000 INFO  [o.n.k.i.n.s.StoreFactory]: /Users/KeranZhao/GitHub/MultiDBs-KeywordSearchG-Server2/MultiDBsKeywordSearchGServerAPI/graph/neostore.propertystore.db.index.keys hit=0 miss=0 switches=0 ooe=0
2015-04-18 08:49:06.510+0000 INFO  [o.n.k.i.n.s.StoreFactory]: /Users/KeranZhao/GitHub/MultiDBs-KeywordSearchG-Server2/MultiDBsKeywordSearchGServerAPI/graph/neostore.propertystore.db.index hit=0 miss=0 switches=0 ooe=0
2015-04-18 08:49:06.511+0000 INFO  [o.n.k.i.n.s.StoreFactory]: /Users/KeranZhao/GitHub/MultiDBs-KeywordSearchG-Server2/MultiDBsKeywordSearchGServerAPI/graph/neostore.propertystore.db.arrays hit=0 miss=0 switches=0 ooe=0
2015-04-18 08:49:06.512+0000 INFO  [o.n.k.i.n.s.StoreFactory]: /Users/KeranZhao/GitHub/MultiDBs-KeywordSearchG-Server2/MultiDBsKeywordSearchGServerAPI/graph/neostore.propertystore.db hit=0 miss=0 switches=0 ooe=0
2015-04-18 08:49:06.513+0000 INFO  [o.n.k.i.n.s.StoreFactory]: /Users/KeranZhao/GitHub/MultiDBs-KeywordSearchG-Server2/MultiDBsKeywordSearchGServerAPI/graph/neostore.relationshipstore.db hit=0 miss=0 switches=0 ooe=0
2015-04-18 08:49:06.514+0000 INFO  [o.n.k.i.n.s.StoreFactory]: /Users/KeranZhao/GitHub/MultiDBs-KeywordSearchG-Server2/MultiDBsKeywordSearchGServerAPI/graph/neostore.nodestore.db.labels hit=0 miss=0 switches=0 ooe=0
2015-04-18 08:49:06.515+0000 INFO  [o.n.k.i.n.s.StoreFactory]: /Users/KeranZhao/GitHub/MultiDBs-KeywordSearchG-Server2/MultiDBsKeywordSearchGServerAPI/graph/neostore.nodestore.db hit=0 miss=0 switches=0 ooe=0
2015-04-18 08:49:06.517+0000 INFO  [o.n.k.i.n.s.StoreFactory]: /Users/KeranZhao/GitHub/MultiDBs-KeywordSearchG-Server2/MultiDBsKeywordSearchGServerAPI/graph/neostore.schemastore.db hit=0 miss=0 switches=0 ooe=0
2015-04-18 08:49:06.517+0000 INFO  [o.n.k.i.n.s.StoreFactory]: /Users/KeranZhao/GitHub/MultiDBs-KeywordSearchG-Server2/MultiDBsKeywordSearchGServerAPI/graph/neostore.relationshipgroupstore.db hit=0 miss=0 switches=0 ooe=0
2015-04-18 08:49:06.518+0000 INFO  [o.n.k.i.n.s.StoreFactory]: /Users/KeranZhao/GitHub/MultiDBs-KeywordSearchG-Server2/MultiDBsKeywordSearchGServerAPI/graph/neostore hit=0 miss=10 switches=0 ooe=0
2015-04-18 08:49:06.530+0000 INFO  [o.n.k.i.n.s.StoreFactory]: [/Users/KeranZhao/GitHub/MultiDBs-KeywordSearchG-Server2/MultiDBsKeywordSearchGServerAPI/graph/neostore.relationshiptypestore.db.names] brickCount=0 brickSize=0b mappedMem=0b (storeSize=38b)
2015-04-18 08:49:06.531+0000 INFO  [o.n.k.i.n.s.StoreFactory]: [/Users/KeranZhao/GitHub/MultiDBs-KeywordSearchG-Server2/MultiDBsKeywordSearchGServerAPI/graph/neostore.relationshiptypestore.db] brickCount=0 brickSize=0b mappedMem=0b (storeSize=0b)
2015-04-18 08:49:06.532+0000 INFO  [o.n.k.i.n.s.StoreFactory]: [/Users/KeranZhao/GitHub/MultiDBs-KeywordSearchG-Server2/MultiDBsKeywordSearchGServerAPI/graph/neostore.labeltokenstore.db.names] brickCount=0 brickSize=0b mappedMem=0b (storeSize=38b)
2015-04-18 08:49:06.532+0000 INFO  [o.n.k.i.n.s.StoreFactory]: [/Users/KeranZhao/GitHub/MultiDBs-KeywordSearchG-Server2/MultiDBsKeywordSearchGServerAPI/graph/neostore.labeltokenstore.db] brickCount=0 brickSize=0b mappedMem=0b (storeSize=0b)
2015-04-18 08:49:06.533+0000 INFO  [o.n.k.i.n.s.StoreFactory]: [/Users/KeranZhao/GitHub/MultiDBs-KeywordSearchG-Server2/MultiDBsKeywordSearchGServerAPI/graph/neostore.propertystore.db.strings] brickCount=0 brickSize=255744b mappedMem=255852544b (storeSize=128b)
2015-04-18 08:49:06.534+0000 INFO  [o.n.k.i.n.s.StoreFactory]: [/Users/KeranZhao/GitHub/MultiDBs-KeywordSearchG-Server2/MultiDBsKeywordSearchGServerAPI/graph/neostore.propertystore.db.index.keys] brickCount=0 brickSize=0b mappedMem=0b (storeSize=38b)
2015-04-18 08:49:06.535+0000 INFO  [o.n.k.i.n.s.StoreFactory]: [/Users/KeranZhao/GitHub/MultiDBs-KeywordSearchG-Server2/MultiDBsKeywordSearchGServerAPI/graph/neostore.propertystore.db.index] brickCount=0 brickSize=0b mappedMem=0b (storeSize=0b)
2015-04-18 08:49:06.535+0000 INFO  [o.n.k.i.n.s.StoreFactory]: [/Users/KeranZhao/GitHub/MultiDBs-KeywordSearchG-Server2/MultiDBsKeywordSearchGServerAPI/graph/neostore.propertystore.db.arrays] brickCount=0 brickSize=298752b mappedMem=298844160b (storeSize=128b)
2015-04-18 08:49:06.536+0000 INFO  [o.n.k.i.n.s.StoreFactory]: [/Users/KeranZhao/GitHub/MultiDBs-KeywordSearchG-Server2/MultiDBsKeywordSearchGServerAPI/graph/neostore.propertystore.db] brickCount=0 brickSize=2925514b mappedMem=292552704b (storeSize=0b)
2015-04-18 08:49:06.537+0000 INFO  [o.n.k.i.n.s.StoreFactory]: [/Users/KeranZhao/GitHub/MultiDBs-KeywordSearchG-Server2/MultiDBsKeywordSearchGServerAPI/graph/neostore.relationshipstore.db] brickCount=0 brickSize=3460282b mappedMem=346030080b (storeSize=0b)
2015-04-18 08:49:06.537+0000 INFO  [o.n.k.i.n.s.StoreFactory]: [/Users/KeranZhao/GitHub/MultiDBs-KeywordSearchG-Server2/MultiDBsKeywordSearchGServerAPI/graph/neostore.nodestore.db.labels] brickCount=0 brickSize=0b mappedMem=0b (storeSize=68b)
2015-04-18 08:49:06.538+0000 INFO  [o.n.k.i.n.s.StoreFactory]: [/Users/KeranZhao/GitHub/MultiDBs-KeywordSearchG-Server2/MultiDBsKeywordSearchGServerAPI/graph/neostore.nodestore.db] brickCount=0 brickSize=807390b mappedMem=80740352b (storeSize=0b)
2015-04-18 08:49:06.539+0000 INFO  [o.n.k.i.n.s.StoreFactory]: [/Users/KeranZhao/GitHub/MultiDBs-KeywordSearchG-Server2/MultiDBsKeywordSearchGServerAPI/graph/neostore.schemastore.db] brickCount=0 brickSize=0b mappedMem=0b (storeSize=64b)
2015-04-18 08:49:06.539+0000 INFO  [o.n.k.i.n.s.StoreFactory]: [/Users/KeranZhao/GitHub/MultiDBs-KeywordSearchG-Server2/MultiDBsKeywordSearchGServerAPI/graph/neostore.relationshipgroupstore.db] brickCount=0 brickSize=0b mappedMem=0b (storeSize=25b)
2015-04-18 08:49:06.540+0000 INFO  [o.n.k.i.n.s.StoreFactory]: [/Users/KeranZhao/GitHub/MultiDBs-KeywordSearchG-Server2/MultiDBsKeywordSearchGServerAPI/graph/neostore] brickCount=0 brickSize=0b mappedMem=0b (storeSize=81b)
2015-04-18 08:49:06.663+0000 INFO  [o.n.k.a.i.i.LuceneLabelScanStore]: No lucene scan store index found, this might just be first use. Preparing to rebuild.
2015-04-18 08:49:06.711+0000 INFO  [o.n.k.a.i.i.LuceneLabelScanStore]: No lucene scan store index found, this might just be first use. Preparing to rebuild.
2015-04-18 08:49:06.847+0000 INFO  [o.n.k.i.t.x.XaLogicalLog]: Opened logical log [/Users/KeranZhao/GitHub/MultiDBs-KeywordSearchG-Server2/MultiDBsKeywordSearchGServerAPI/graph/nioneo_logical.log.1] version=0, lastTxId=1 (clean)
2015-04-18 08:49:06.851+0000 INFO  [o.n.k.a.i.i.LuceneLabelScanStore]: Rebuilding lucene scan store, this may take a while
2015-04-18 08:49:06.853+0000 INFO  [o.n.k.a.i.i.LuceneLabelScanStore]: Lucene scan store rebuilt (roughly -1 nodes)
2015-04-18 08:49:06.855+0000 INFO  [o.n.k.i.t.TxManager]: TM new log: tm_tx_log.1
2015-04-18 08:49:06.861+0000 INFO  [o.n.k.i.t.KernelHealth]: Kernel health set to OK
2015-04-18 08:49:07.070+0000 INFO  [o.n.k.i.t.x.XaLogicalLog]: Opened logical log [/Users/KeranZhao/GitHub/MultiDBs-KeywordSearchG-Server2/MultiDBsKeywordSearchGServerAPI/graph/index/lucene.log.1] version=0, lastTxId=1 (clean)
2015-04-18 08:49:07.076+0000 INFO  [o.n.k.i.DiagnosticsManager]: --- STARTED diagnostics for KernelDiagnostics:Versions START ---
2015-04-18 08:49:07.076+0000 INFO  [o.n.k.i.DiagnosticsManager]: Graph Database: org.neo4j.kernel.EmbeddedGraphDatabase StoreId{creationTime=1429346946430, randomId=-5584013326624467925, storeVersion=14406081294923270, upgradeTime=1429346946430, upgradeId=-5584013326624467925}
2015-04-18 08:49:07.076+0000 INFO  [o.n.k.i.DiagnosticsManager]: Kernel version: Neo4j - Graph Database Kernel (neo4j-kernel), version: 2.1.7
2015-04-18 08:49:07.076+0000 INFO  [o.n.k.i.DiagnosticsManager]: Neo4j component versions:
2015-04-18 08:49:07.087+0000 INFO  [o.n.k.i.DiagnosticsManager]:   Neo4j - Lucene Index (neo4j-lucene-index), version: 2.1.7; revision: 2.1.7:2.1-maint:649/ed233fc1087f4549d1956b8ec4a504fe2f13a446
2015-04-18 08:49:07.087+0000 INFO  [o.n.k.i.DiagnosticsManager]:   Neo4j - JMX support (neo4j-jmx), version: 2.1.7; revision: 2.1.7:2.1-maint:649/ed233fc1087f4549d1956b8ec4a504fe2f13a446
2015-04-18 08:49:07.088+0000 INFO  [o.n.k.i.DiagnosticsManager]:   Neo4j - Graph Matching (neo4j-graph-matching), version: 2.1.7; revision: 2.1.7:2.1-maint:649/ed233fc1087f4549d1956b8ec4a504fe2f13a446
2015-04-18 08:49:07.088+0000 INFO  [o.n.k.i.DiagnosticsManager]:   Neo4j - Cypher Compiler 2.1 (neo4j-cypher-compiler-2.1), version: 2.1.7; revision: 2.1.7:2.1-maint:649/ed233fc1087f4549d1956b8ec4a504fe2f13a446
2015-04-18 08:49:07.088+0000 INFO  [o.n.k.i.DiagnosticsManager]:   Neo4j Server API (server-api), version: 2.1.7; revision: 2.1.7:2.1-maint:649/ed233fc1087f4549d1956b8ec4a504fe2f13a446
2015-04-18 08:49:07.088+0000 INFO  [o.n.k.i.DiagnosticsManager]:   Neo4j - Graph Database Kernel (neo4j-kernel), version: 2.1.7; revision: 2.1.7:2.1-maint:649/ed233fc1087f4549d1956b8ec4a504fe2f13a446
2015-04-18 08:49:07.088+0000 INFO  [o.n.k.i.DiagnosticsManager]:   Neo4j - Cypher (neo4j-cypher), version: 2.1.7; revision: 2.1.7:2.1-maint:649/ed233fc1087f4549d1956b8ec4a504fe2f13a446
2015-04-18 08:49:07.088+0000 INFO  [o.n.k.i.DiagnosticsManager]:   Neo4j Server (neo4j-server), version: 2.1.7; revision: 2.1.7:2.1-maint:649/ed233fc1087f4549d1956b8ec4a504fe2f13a446
2015-04-18 08:49:07.088+0000 INFO  [o.n.k.i.DiagnosticsManager]:   Neo4j - Graph Algorithms (neo4j-graph-algo), version: 2.1.7; revision: 2.1.7:2.1-maint:649/ed233fc1087f4549d1956b8ec4a504fe2f13a446
2015-04-18 08:49:07.088+0000 INFO  [o.n.k.i.DiagnosticsManager]:   Neo4j - Cypher Compiler 2.0 (neo4j-cypher-compiler-2.0), version: 2.0.3; revision: 2.0.3:2.0-maint:72/307c563c11b75fdc71cfa6df05daf9b08d6c37dc
2015-04-18 08:49:07.088+0000 INFO  [o.n.k.i.DiagnosticsManager]:   Neo4j - Generic shell (neo4j-shell), version: 2.1.7; revision: 2.1.7:2.1-maint:649/ed233fc1087f4549d1956b8ec4a504fe2f13a446
2015-04-18 08:49:07.088+0000 INFO  [o.n.k.i.DiagnosticsManager]:   Neo4j - Cypher Compiler 1.9 (neo4j-cypher-compiler-1.9), version: 2.0.3; revision: 2.0.3:2.0-maint:72/307c563c11b75fdc71cfa6df05daf9b08d6c37dc
2015-04-18 08:49:07.088+0000 INFO  [o.n.k.i.DiagnosticsManager]:   neo4j-udc, version: 2.1.7; revision: 2.1.7:2.1-maint:649/ed233fc1087f4549d1956b8ec4a504fe2f13a446
2015-04-18 08:49:07.088+0000 INFO  [o.n.k.i.DiagnosticsManager]:   Neo4j - Cypher Commons (neo4j-cypher-commons), version: 2.1.7; revision: 2.1.7:2.1-maint:649/ed233fc1087f4549d1956b8ec4a504fe2f13a446
2015-04-18 08:49:07.089+0000 INFO  [o.n.k.i.DiagnosticsManager]: --- STARTED diagnostics for KernelDiagnostics:Versions END ---
2015-04-18 08:49:07.092+0000 INFO  [o.n.k.i.DiagnosticsManager]: --- STARTED diagnostics for NEO_STORE_VERSIONS START ---
2015-04-18 08:49:07.093+0000 INFO  [o.n.k.i.DiagnosticsManager]: Store versions:
2015-04-18 08:49:07.093+0000 INFO  [o.n.k.i.DiagnosticsManager]: Store versions:
2015-04-18 08:49:07.093+0000 INFO  [o.n.k.i.DiagnosticsManager]:   NeoStore v0.A.3
2015-04-18 08:49:07.093+0000 INFO  [o.n.k.i.DiagnosticsManager]:   SchemaStore v0.A.3
2015-04-18 08:49:07.093+0000 INFO  [o.n.k.i.DiagnosticsManager]:   NodeStore v0.A.3
2015-04-18 08:49:07.093+0000 INFO  [o.n.k.i.DiagnosticsManager]:   RelationshipStore v0.A.3
2015-04-18 08:49:07.094+0000 INFO  [o.n.k.i.DiagnosticsManager]:   RelationshipTypeStore v0.A.3
2015-04-18 08:49:07.094+0000 INFO  [o.n.k.i.DiagnosticsManager]:   LabelTokenStore v0.A.3
2015-04-18 08:49:07.094+0000 INFO  [o.n.k.i.DiagnosticsManager]:   PropertyStore v0.A.3
2015-04-18 08:49:07.094+0000 INFO  [o.n.k.i.DiagnosticsManager]:   PropertyIndexStore v0.A.3
2015-04-18 08:49:07.094+0000 INFO  [o.n.k.i.DiagnosticsManager]:   StringPropertyStore v0.A.3
2015-04-18 08:49:07.094+0000 INFO  [o.n.k.i.DiagnosticsManager]:   ArrayPropertyStore v0.A.3
2015-04-18 08:49:07.094+0000 INFO  [o.n.k.i.DiagnosticsManager]:   RelationshipGroupStore v0.A.3
2015-04-18 08:49:07.094+0000 INFO  [o.n.k.i.DiagnosticsManager]: --- STARTED diagnostics for NEO_STORE_VERSIONS END ---
2015-04-18 08:49:07.094+0000 INFO  [o.n.k.i.DiagnosticsManager]: --- STARTED diagnostics for NEO_STORE_ID_USAGE START ---
2015-04-18 08:49:07.094+0000 INFO  [o.n.k.i.DiagnosticsManager]: Id usage:
2015-04-18 08:49:07.094+0000 INFO  [o.n.k.i.DiagnosticsManager]: Id usage:
2015-04-18 08:49:07.095+0000 INFO  [o.n.k.i.DiagnosticsManager]:   SchemaStore: used=1 high=0
2015-04-18 08:49:07.095+0000 INFO  [o.n.k.i.DiagnosticsManager]:   NodeStore: used=0 high=-1
2015-04-18 08:49:07.095+0000 INFO  [o.n.k.i.DiagnosticsManager]:   RelationshipStore: used=0 high=-1
2015-04-18 08:49:07.095+0000 INFO  [o.n.k.i.DiagnosticsManager]:   RelationshipTypeStore: used=0 high=-1
2015-04-18 08:49:07.095+0000 INFO  [o.n.k.i.DiagnosticsManager]:   LabelTokenStore: used=0 high=-1
2015-04-18 08:49:07.095+0000 INFO  [o.n.k.i.DiagnosticsManager]:   PropertyStore: used=0 high=-1
2015-04-18 08:49:07.096+0000 INFO  [o.n.k.i.DiagnosticsManager]:   PropertyIndexStore: used=0 high=-1
2015-04-18 08:49:07.096+0000 INFO  [o.n.k.i.DiagnosticsManager]:   StringPropertyStore: used=1 high=0
2015-04-18 08:49:07.096+0000 INFO  [o.n.k.i.DiagnosticsManager]:   ArrayPropertyStore: used=1 high=0
2015-04-18 08:49:07.096+0000 INFO  [o.n.k.i.DiagnosticsManager]:   RelationshipGroupStore: used=1 high=0
2015-04-18 08:49:07.096+0000 INFO  [o.n.k.i.DiagnosticsManager]: --- STARTED diagnostics for NEO_STORE_ID_USAGE END ---
2015-04-18 08:49:07.096+0000 INFO  [o.n.k.i.DiagnosticsManager]: --- STARTED diagnostics for PERSISTENCE_WINDOW_POOL_STATS START ---
2015-04-18 08:49:07.097+0000 INFO  [o.n.k.i.DiagnosticsManager]: --- STARTED diagnostics for PERSISTENCE_WINDOW_POOL_STATS END ---
2015-04-18 08:49:07.097+0000 INFO  [o.n.k.i.DiagnosticsManager]: --- STARTED diagnostics for KernelDiagnostics:StoreFiles START ---
2015-04-18 08:49:07.097+0000 INFO  [o.n.k.i.DiagnosticsManager]: Disk space on partition (Total / Free / Free %): 120473067520 / 2847244288 / 2
Storage files: (filename : modification date - size)
2015-04-18 08:49:07.099+0000 INFO  [o.n.k.i.DiagnosticsManager]:   active_tx_log: 2015-04-18T04:49:06-0400 - 11.00 B
2015-04-18 08:49:07.099+0000 INFO  [o.n.k.i.DiagnosticsManager]:   index:
2015-04-18 08:49:07.099+0000 INFO  [o.n.k.i.DiagnosticsManager]:     lucene-store.db: 2015-04-18T04:49:07-0400 - 40.00 B
2015-04-18 08:49:07.100+0000 INFO  [o.n.k.i.DiagnosticsManager]:     lucene.log.1: 2015-04-18T04:49:07-0400 - 16.00 B
2015-04-18 08:49:07.100+0000 INFO  [o.n.k.i.DiagnosticsManager]:     lucene.log.active: 2015-04-18T04:49:07-0400 - 4.00 B
2015-04-18 08:49:07.100+0000 INFO  [o.n.k.i.DiagnosticsManager]:   - Total: 2015-04-18T04:49:07-0400 - 60.00 B
2015-04-18 08:49:07.101+0000 INFO  [o.n.k.i.DiagnosticsManager]:   lock: 2015-04-18T04:49:06-0400 - 0.00 B
2015-04-18 08:49:07.101+0000 INFO  [o.n.k.i.DiagnosticsManager]:   messages.log: 2015-04-18T04:49:07-0400 - 46.57 kB
2015-04-18 08:49:07.101+0000 INFO  [o.n.k.i.DiagnosticsManager]:   neostore: 2015-04-18T04:49:06-0400 - 81.00 B
2015-04-18 08:49:07.102+0000 INFO  [o.n.k.i.DiagnosticsManager]:   neostore.id: 2015-04-18T04:49:06-0400 - 9.00 B
2015-04-18 08:49:07.102+0000 INFO  [o.n.k.i.DiagnosticsManager]:   neostore.labeltokenstore.db: 2015-04-18T04:49:06-0400 - 0.00 B
2015-04-18 08:49:07.102+0000 INFO  [o.n.k.i.DiagnosticsManager]:   neostore.labeltokenstore.db.id: 2015-04-18T04:49:06-0400 - 9.00 B
2015-04-18 08:49:07.103+0000 INFO  [o.n.k.i.DiagnosticsManager]:   neostore.labeltokenstore.db.names: 2015-04-18T04:49:06-0400 - 38.00 B
2015-04-18 08:49:07.103+0000 INFO  [o.n.k.i.DiagnosticsManager]:   neostore.labeltokenstore.db.names.id: 2015-04-18T04:49:06-0400 - 9.00 B
2015-04-18 08:49:07.103+0000 INFO  [o.n.k.i.DiagnosticsManager]:   neostore.nodestore.db: 2015-04-18T04:49:06-0400 - 0.00 B
2015-04-18 08:49:07.104+0000 INFO  [o.n.k.i.DiagnosticsManager]:   neostore.nodestore.db.id: 2015-04-18T04:49:06-0400 - 9.00 B
2015-04-18 08:49:07.104+0000 INFO  [o.n.k.i.DiagnosticsManager]:   neostore.nodestore.db.labels: 2015-04-18T04:49:06-0400 - 68.00 B
2015-04-18 08:49:07.104+0000 INFO  [o.n.k.i.DiagnosticsManager]:   neostore.nodestore.db.labels.id: 2015-04-18T04:49:06-0400 - 9.00 B
2015-04-18 08:49:07.105+0000 INFO  [o.n.k.i.DiagnosticsManager]:   neostore.propertystore.db: 2015-04-18T04:49:06-0400 - 0.00 B
2015-04-18 08:49:07.105+0000 INFO  [o.n.k.i.DiagnosticsManager]:   neostore.propertystore.db.arrays: 2015-04-18T04:49:06-0400 - 128.00 B
2015-04-18 08:49:07.106+0000 INFO  [o.n.k.i.DiagnosticsManager]:   neostore.propertystore.db.arrays.id: 2015-04-18T04:49:06-0400 - 9.00 B
2015-04-18 08:49:07.106+0000 INFO  [o.n.k.i.DiagnosticsManager]:   neostore.propertystore.db.id: 2015-04-18T04:49:06-0400 - 9.00 B
2015-04-18 08:49:07.106+0000 INFO  [o.n.k.i.DiagnosticsManager]:   neostore.propertystore.db.index: 2015-04-18T04:49:06-0400 - 0.00 B
2015-04-18 08:49:07.107+0000 INFO  [o.n.k.i.DiagnosticsManager]:   neostore.propertystore.db.index.id: 2015-04-18T04:49:06-0400 - 9.00 B
2015-04-18 08:49:07.107+0000 INFO  [o.n.k.i.DiagnosticsManager]:   neostore.propertystore.db.index.keys: 2015-04-18T04:49:06-0400 - 38.00 B
2015-04-18 08:49:07.108+0000 INFO  [o.n.k.i.DiagnosticsManager]:   neostore.propertystore.db.index.keys.id: 2015-04-18T04:49:06-0400 - 9.00 B
2015-04-18 08:49:07.108+0000 INFO  [o.n.k.i.DiagnosticsManager]:   neostore.propertystore.db.strings: 2015-04-18T04:49:06-0400 - 128.00 B
2015-04-18 08:49:07.108+0000 INFO  [o.n.k.i.DiagnosticsManager]:   neostore.propertystore.db.strings.id: 2015-04-18T04:49:06-0400 - 9.00 B
2015-04-18 08:49:07.109+0000 INFO  [o.n.k.i.DiagnosticsManager]:   neostore.relationshipgroupstore.db: 2015-04-18T04:49:06-0400 - 25.00 B
2015-04-18 08:49:07.109+0000 INFO  [o.n.k.i.DiagnosticsManager]:   neostore.relationshipgroupstore.db.id: 2015-04-18T04:49:06-0400 - 9.00 B
2015-04-18 08:49:07.109+0000 INFO  [o.n.k.i.DiagnosticsManager]:   neostore.relationshipstore.db: 2015-04-18T04:49:06-0400 - 0.00 B
2015-04-18 08:49:07.109+0000 INFO  [o.n.k.i.DiagnosticsManager]:   neostore.relationshipstore.db.id: 2015-04-18T04:49:06-0400 - 9.00 B
2015-04-18 08:49:07.110+0000 INFO  [o.n.k.i.DiagnosticsManager]:   neostore.relationshiptypestore.db: 2015-04-18T04:49:06-0400 - 0.00 B
2015-04-18 08:49:07.110+0000 INFO  [o.n.k.i.DiagnosticsManager]:   neostore.relationshiptypestore.db.id: 2015-04-18T04:49:06-0400 - 9.00 B
2015-04-18 08:49:07.110+0000 INFO  [o.n.k.i.DiagnosticsManager]:   neostore.relationshiptypestore.db.names: 2015-04-18T04:49:06-0400 - 38.00 B
2015-04-18 08:49:07.110+0000 INFO  [o.n.k.i.DiagnosticsManager]:   neostore.relationshiptypestore.db.names.id: 2015-04-18T04:49:06-0400 - 9.00 B
2015-04-18 08:49:07.111+0000 INFO  [o.n.k.i.DiagnosticsManager]:   neostore.schemastore.db: 2015-04-18T04:49:06-0400 - 64.00 B
2015-04-18 08:49:07.111+0000 INFO  [o.n.k.i.DiagnosticsManager]:   neostore.schemastore.db.id: 2015-04-18T04:49:06-0400 - 9.00 B
2015-04-18 08:49:07.111+0000 INFO  [o.n.k.i.DiagnosticsManager]:   nioneo_logical.log.1: 2015-04-18T04:49:07-0400 - 16.00 B
2015-04-18 08:49:07.112+0000 INFO  [o.n.k.i.DiagnosticsManager]:   nioneo_logical.log.active: 2015-04-18T04:49:06-0400 - 4.00 B
2015-04-18 08:49:07.112+0000 INFO  [o.n.k.i.DiagnosticsManager]:   schema:
2015-04-18 08:49:07.112+0000 INFO  [o.n.k.i.DiagnosticsManager]:     label:
2015-04-18 08:49:07.112+0000 INFO  [o.n.k.i.DiagnosticsManager]:       lucene:
2015-04-18 08:49:07.112+0000 INFO  [o.n.k.i.DiagnosticsManager]:         write.lock: 2015-04-18T04:49:06-0400 - 0.00 B
2015-04-18 08:49:07.113+0000 INFO  [o.n.k.i.DiagnosticsManager]:       - Total: 2015-04-18T04:49:06-0400 - 0.00 B
2015-04-18 08:49:07.113+0000 INFO  [o.n.k.i.DiagnosticsManager]:     - Total: 2015-04-18T04:49:06-0400 - 0.00 B
2015-04-18 08:49:07.113+0000 INFO  [o.n.k.i.DiagnosticsManager]:   - Total: 2015-04-18T04:49:06-0400 - 0.00 B
2015-04-18 08:49:07.113+0000 INFO  [o.n.k.i.DiagnosticsManager]:   store_lock: 2015-04-18T04:49:06-0400 - 0.00 B
2015-04-18 08:49:07.114+0000 INFO  [o.n.k.i.DiagnosticsManager]:   tm_tx_log.1: 2015-04-18T04:49:06-0400 - 0.00 B
2015-04-18 08:49:07.114+0000 INFO  [o.n.k.i.DiagnosticsManager]: --- STARTED diagnostics for KernelDiagnostics:StoreFiles END ---
2015-04-18 08:49:07.228+0000 INFO  [o.n.k.EmbeddedGraphDatabase]: Database is now ready
2015-04-18 08:49:08.039+0000 INFO  [o.n.s.d.LifecycleManagingDatabase]: Successfully started database
2015-04-18 08:49:08.040+0000 INFO  [o.n.k.i.DiagnosticsManager]: --- SERVER STARTED START ---
2015-04-18 08:49:08.121+0000 INFO  [o.n.s.CommunityNeoServer]: Starting HTTP on port :7474 with 40 threads available
2015-04-18 08:49:08.408+0000 INFO  [o.n.s.CommunityNeoServer]: Enabling HTTPS on port :7473
2015-04-18 08:49:08.531+0000 INFO  [o.n.k.i.DiagnosticsManager]: --- STARTED diagnostics for org.neo4j.server.configuration.Configurator START ---
2015-04-18 08:49:08.533+0000 INFO  [o.n.k.i.DiagnosticsManager]: Server configuration:
2015-04-18 08:49:08.533+0000 INFO  [o.n.k.i.DiagnosticsManager]: org.neo4j.server.database.location = /Users/KeranZhao/GitHub/MultiDBs-KeywordSearchG-Server2/MultiDBsKeywordSearchGServerAPI/graph
2015-04-18 08:49:08.533+0000 INFO  [o.n.k.i.DiagnosticsManager]: org.neo4j.server.webserver.port = 7474
2015-04-18 08:49:08.533+0000 INFO  [o.n.k.i.DiagnosticsManager]: org.neo4j.server.webserver.https.enabled = true
2015-04-18 08:49:08.533+0000 INFO  [o.n.k.i.DiagnosticsManager]: org.neo4j.server.webserver.https.port = 7473
2015-04-18 08:49:08.534+0000 INFO  [o.n.k.i.DiagnosticsManager]: org.neo4j.server.webserver.https.cert.location = conf/ssl/snakeoil.cert
2015-04-18 08:49:08.534+0000 INFO  [o.n.k.i.DiagnosticsManager]: org.neo4j.server.webserver.https.key.location = conf/ssl/snakeoil.key
2015-04-18 08:49:08.534+0000 INFO  [o.n.k.i.DiagnosticsManager]: org.neo4j.server.webserver.https.keystore.location = data/keystore
2015-04-18 08:49:08.534+0000 INFO  [o.n.k.i.DiagnosticsManager]: org.neo4j.server.webadmin.rrdb.location = data/rrd
2015-04-18 08:49:08.534+0000 INFO  [o.n.k.i.DiagnosticsManager]: org.neo4j.server.db.tuning.properties = conf/neo4j.properties
2015-04-18 08:49:08.534+0000 INFO  [o.n.k.i.DiagnosticsManager]: org.neo4j.server.manage.console_engines = shell
2015-04-18 08:49:08.534+0000 INFO  [o.n.k.i.DiagnosticsManager]: org.neo4j.server.http.log.enabled = false
2015-04-18 08:49:08.534+0000 INFO  [o.n.k.i.DiagnosticsManager]: org.neo4j.server.http.log.config = conf/neo4j-http-logging.xml
2015-04-18 08:49:08.534+0000 INFO  [o.n.k.i.DiagnosticsManager]: org.neo4j.server.webadmin.management.uri = /db/manage/
2015-04-18 08:49:08.534+0000 INFO  [o.n.k.i.DiagnosticsManager]: org.neo4j.server.webadmin.data.uri = /db/data/
2015-04-18 08:49:08.534+0000 INFO  [o.n.k.i.DiagnosticsManager]: --- STARTED diagnostics for org.neo4j.server.configuration.Configurator END ---
2015-04-18 08:49:08.541+0000 INFO  [o.n.s.m.DiscoveryModule]: Mounted discovery module at [/]
2015-04-18 08:49:08.552+0000 INFO  [o.n.s.m.RESTApiModule]: Mounted REST API at [/db/data/]
2015-04-18 08:49:08.556+0000 INFO  [o.n.s.m.ManagementApiModule]: Mounted management API at [/db/manage/]
2015-04-18 08:49:08.557+0000 INFO  [o.n.s.m.WebAdminModule]: Mounted webadmin at [/webadmin]
2015-04-18 08:49:08.557+0000 INFO  [o.n.s.m.Neo4jBrowserModule]: Mounted Neo4j Browser at [/browser]
2015-04-18 08:49:08.663+0000 INFO  [o.n.s.w.Jetty9WebServer]: Mounting static content at [/webadmin] from [webadmin-html]
2015-04-18 08:49:08.734+0000 INFO  [o.n.s.w.Jetty9WebServer]: Mounting static content at [/browser] from [browser]
2015-04-18 08:49:10.589+0000 INFO  [o.n.s.CommunityNeoServer]: Server started on: http://localhost:7474/
2015-04-18 08:49:10.590+0000 INFO  [o.n.s.CommunityNeoServer]: Remote interface ready and available at [http://localhost:7474/]
2015-04-18 08:49:10.591+0000 INFO  [o.n.k.i.DiagnosticsManager]: --- SERVER STARTED END ---
2015-04-18 08:49:27.579+0000 INFO  [o.n.s.CommunityBootstrapper]: Neo4j Server shutdown initiated by request
2015-04-18 08:49:27.628+0000 INFO  [o.n.s.CommunityNeoServer]: Successfully shutdown Neo4j Server.
2015-04-18 08:49:27.629+0000 INFO  [o.n.k.EmbeddedGraphDatabase]: Shutdown started
2015-04-18 08:49:27.629+0000 INFO  [o.n.k.EmbeddedGraphDatabase]: Database is now unavailable
2015-04-18 08:49:27.637+0000 INFO  [o.n.k.i.t.x.XaLogicalLog]: Closed log /Users/KeranZhao/GitHub/MultiDBs-KeywordSearchG-Server2/MultiDBsKeywordSearchGServerAPI/graph/index/lucene.log
2015-04-18 08:49:27.639+0000 INFO  [o.n.k.i.t.TxManager]: TM shutting down
2015-04-18 08:49:27.645+0000 INFO  [o.n.k.i.t.x.XaLogicalLog]: Closed log /Users/KeranZhao/GitHub/MultiDBs-KeywordSearchG-Server2/MultiDBsKeywordSearchGServerAPI/graph/nioneo_logical.log
2015-04-18 08:49:27.646+0000 INFO  [o.n.k.i.n.s.StoreFactory]: /Users/KeranZhao/GitHub/MultiDBs-KeywordSearchG-Server2/MultiDBsKeywordSearchGServerAPI/graph/neostore.relationshiptypestore.db.names hit=0 miss=0 switches=0 ooe=0
2015-04-18 08:49:27.647+0000 INFO  [o.n.k.i.n.s.StoreFactory]: /Users/KeranZhao/GitHub/MultiDBs-KeywordSearchG-Server2/MultiDBsKeywordSearchGServerAPI/graph/neostore.relationshiptypestore.db hit=0 miss=0 switches=0 ooe=0
2015-04-18 08:49:27.648+0000 INFO  [o.n.k.i.n.s.StoreFactory]: /Users/KeranZhao/GitHub/MultiDBs-KeywordSearchG-Server2/MultiDBsKeywordSearchGServerAPI/graph/neostore.labeltokenstore.db.names hit=0 miss=0 switches=0 ooe=0
2015-04-18 08:49:27.649+0000 INFO  [o.n.k.i.n.s.StoreFactory]: /Users/KeranZhao/GitHub/MultiDBs-KeywordSearchG-Server2/MultiDBsKeywordSearchGServerAPI/graph/neostore.labeltokenstore.db hit=0 miss=0 switches=0 ooe=0
2015-04-18 08:49:27.651+0000 INFO  [o.n.k.i.n.s.StoreFactory]: /Users/KeranZhao/GitHub/MultiDBs-KeywordSearchG-Server2/MultiDBsKeywordSearchGServerAPI/graph/neostore.propertystore.db.strings hit=0 miss=0 switches=0 ooe=0
2015-04-18 08:49:27.652+0000 INFO  [o.n.k.i.n.s.StoreFactory]: /Users/KeranZhao/GitHub/MultiDBs-KeywordSearchG-Server2/MultiDBsKeywordSearchGServerAPI/graph/neostore.propertystore.db.index.keys hit=0 miss=0 switches=0 ooe=0
2015-04-18 08:49:27.653+0000 INFO  [o.n.k.i.n.s.StoreFactory]: /Users/KeranZhao/GitHub/MultiDBs-KeywordSearchG-Server2/MultiDBsKeywordSearchGServerAPI/graph/neostore.propertystore.db.index hit=0 miss=0 switches=0 ooe=0
2015-04-18 08:49:27.654+0000 INFO  [o.n.k.i.n.s.StoreFactory]: /Users/KeranZhao/GitHub/MultiDBs-KeywordSearchG-Server2/MultiDBsKeywordSearchGServerAPI/graph/neostore.propertystore.db.arrays hit=0 miss=0 switches=0 ooe=0
2015-04-18 08:49:27.655+0000 INFO  [o.n.k.i.n.s.StoreFactory]: /Users/KeranZhao/GitHub/MultiDBs-KeywordSearchG-Server2/MultiDBsKeywordSearchGServerAPI/graph/neostore.propertystore.db hit=0 miss=0 switches=0 ooe=0
2015-04-18 08:49:27.656+0000 INFO  [o.n.k.i.n.s.StoreFactory]: /Users/KeranZhao/GitHub/MultiDBs-KeywordSearchG-Server2/MultiDBsKeywordSearchGServerAPI/graph/neostore.relationshipstore.db hit=0 miss=0 switches=0 ooe=0
2015-04-18 08:49:27.657+0000 INFO  [o.n.k.i.n.s.StoreFactory]: /Users/KeranZhao/GitHub/MultiDBs-KeywordSearchG-Server2/MultiDBsKeywordSearchGServerAPI/graph/neostore.nodestore.db.labels hit=0 miss=0 switches=0 ooe=0
2015-04-18 08:49:27.658+0000 INFO  [o.n.k.i.n.s.StoreFactory]: /Users/KeranZhao/GitHub/MultiDBs-KeywordSearchG-Server2/MultiDBsKeywordSearchGServerAPI/graph/neostore.nodestore.db hit=0 miss=0 switches=0 ooe=0
2015-04-18 08:49:27.659+0000 INFO  [o.n.k.i.n.s.StoreFactory]: /Users/KeranZhao/GitHub/MultiDBs-KeywordSearchG-Server2/MultiDBsKeywordSearchGServerAPI/graph/neostore.schemastore.db hit=0 miss=0 switches=0 ooe=0
2015-04-18 08:49:27.660+0000 INFO  [o.n.k.i.n.s.StoreFactory]: /Users/KeranZhao/GitHub/MultiDBs-KeywordSearchG-Server2/MultiDBsKeywordSearchGServerAPI/graph/neostore.relationshipgroupstore.db hit=0 miss=0 switches=0 ooe=0
2015-04-18 08:49:27.662+0000 INFO  [o.n.k.i.n.s.StoreFactory]: /Users/KeranZhao/GitHub/MultiDBs-KeywordSearchG-Server2/MultiDBsKeywordSearchGServerAPI/graph/neostore hit=0 miss=20 switches=0 ooe=0
2015-04-18 08:49:27.664+0000 INFO  [o.n.k.i.n.x.NeoStoreXaDataSource]: NeoStore closed
2015-04-18 08:49:27.664+0000 INFO  [o.n.k.i.DiagnosticsManager]: --- STOPPING diagnostics START ---
2015-04-18 08:49:27.664+0000 INFO  [o.n.k.i.DiagnosticsManager]: --- STOPPING diagnostics END ---
2015-04-18 08:49:27.665+0000 INFO  [o.n.s.d.LifecycleManagingDatabase]: Successfully stopped database
2015-04-18 08:49:27.665+0000 INFO  [o.n.s.CommunityNeoServer]: Successfully shutdown database.
